#
# There is insufficient memory for the Java Runtime Environment to continue.
# Native memory allocation (malloc) failed to allocate 32744 bytes for ChunkPool::allocate
# Possible reasons:
#   The system is out of physical RAM or swap space
#   The process is running with CompressedOops enabled, and the Java Heap may be blocking the growth of the native heap
# Possible solutions:
#   Reduce memory load on the system
#   Increase physical memory or swap space
#   Check if swap backing store is full
#   Decrease Java heap size (-Xmx/-Xms)
#   Decrease number of Java threads
#   Decrease Java thread stack sizes (-Xss)
#   Set larger code cache with -XX:ReservedCodeCacheSize=
#   JVM is running with Unscaled Compressed Oops mode in which the Java heap is
#     placed in the first 4GB address space. The Java Heap base address is the
#     maximum limit for the native heap growth. Please use -XX:HeapBaseMinAddress
#     to set the Java Heap base and to place the Java Heap above 4GB virtual address.
# This output file may be truncated or incomplete.
#
#  Out of Memory Error (allocation.cpp:272), pid=13256, tid=0x0000000000005080
#
# JRE version: OpenJDK Runtime Environment (8.0_242-b01) (build 1.8.0_242-release-1644-b01)
# Java VM: OpenJDK 64-Bit Server VM (25.242-b01 mixed mode windows-amd64 compressed oops)
# Failed to write core dump. Minidumps are not enabled by default on client versions of Windows
#

---------------  T H R E A D  ---------------

Current thread (0x000000001658d800):  JavaThread "C2 CompilerThread1" daemon [_thread_in_native, id=20608, stack(0x0000000017cd0000,0x0000000017dd0000)]

Stack: [0x0000000017cd0000,0x0000000017dd0000]
[error occurred during error reporting (printing stack bounds), id 0xc0000005]

Native frames: (J=compiled Java code, j=interpreted, Vv=VM code, C=native code)


Current CompileTask:
C2:  71684 2035   !   4       java.net.URL::<init> (543 bytes)


---------------  P R O C E S S  ---------------

Java Threads: ( => current thread )
  0x0000000018cf9800 JavaThread "Cache worker for execution history cache (C:\Users\Niyati Patel\.gradle\caches\6.1.1\executionHistory)" [_thread_blocked, id=16664, stack(0x000000001de10000,0x000000001df10000)]
  0x0000000018cf8000 JavaThread "Cache worker for cache directory md-rule (C:\Users\Niyati Patel\.gradle\caches\6.1.1\md-rule)" [_thread_blocked, id=15372, stack(0x000000001dd10000,0x000000001de10000)]
  0x0000000018d74000 JavaThread "Cache worker for cache directory md-supplier (C:\Users\Niyati Patel\.gradle\caches\6.1.1\md-supplier)" [_thread_blocked, id=22656, stack(0x000000001da10000,0x000000001db10000)]
  0x0000000018d73800 JavaThread "Cache worker for file hash cache (C:\Users\Niyati Patel\AndroidStudioProjects\TAVERN\.gradle\6.1.1\fileHashes)" [_thread_blocked, id=20248, stack(0x0000000000ee0000,0x0000000000fe0000)]
  0x0000000018d72000 JavaThread "Cache worker for checksums cache (C:\Users\Niyati Patel\AndroidStudioProjects\TAVERN\.gradle\checksums)" [_thread_blocked, id=18688, stack(0x0000000000de0000,0x0000000000ee0000)]
  0x0000000018d75000 JavaThread "Cache worker for file hash cache (C:\Users\Niyati Patel\.gradle\caches\6.1.1\fileHashes)" [_thread_blocked, id=21388, stack(0x000000001c340000,0x000000001c440000)]
  0x0000000018d72800 JavaThread "File lock request listener" [_thread_in_native, id=15632, stack(0x000000001b270000,0x000000001b370000)]
  0x0000000018e58800 JavaThread "Cache worker for journal cache (C:\Users\Niyati Patel\.gradle\caches\journal-1)" [_thread_blocked, id=10456, stack(0x000000001b170000,0x000000001b270000)]
  0x0000000018a21000 JavaThread "Thread-9" [_thread_blocked, id=14484, stack(0x000000001ae70000,0x000000001af70000)]
  0x0000000018e4f000 JavaThread "Stdin handler" [_thread_blocked, id=4620, stack(0x000000001ad70000,0x000000001ae70000)]
  0x0000000018e5e000 JavaThread "Asynchronous log dispatcher for DefaultDaemonConnection: socket connection from /127.0.0.1:53291 to /127.0.0.1:53297" [_thread_blocked, id=23920, stack(0x000000001ac70000,0x000000001ad70000)]
  0x0000000018251000 JavaThread "Daemon worker" [_thread_in_Java, id=16748, stack(0x000000001ab70000,0x000000001ac70000)]
  0x0000000018baa800 JavaThread "Cancel handler" [_thread_blocked, id=17768, stack(0x000000001aa70000,0x000000001ab70000)]
  0x0000000018e14000 JavaThread "Handler for socket connection from /127.0.0.1:53291 to /127.0.0.1:53297" [_thread_in_native, id=19788, stack(0x000000001a770000,0x000000001a870000)]
  0x00000000182ce000 JavaThread "Daemon" [_thread_blocked, id=20816, stack(0x000000001a670000,0x000000001a770000)]
  0x0000000018a32000 JavaThread "Daemon periodic checks" [_thread_blocked, id=13956, stack(0x000000001a570000,0x000000001a670000)]
  0x0000000018a31000 JavaThread "Incoming local TCP Connector on port 53291" [_thread_in_native, id=19100, stack(0x00000000185d0000,0x00000000186d0000)]
  0x0000000018267800 JavaThread "Daemon health stats" [_thread_blocked, id=15412, stack(0x00000000184d0000,0x00000000185d0000)]
  0x0000000017f00800 JavaThread "Service Thread" daemon [_thread_blocked, id=5116, stack(0x00000000182d0000,0x00000000183d0000)]
  0x000000001659a800 JavaThread "C1 CompilerThread2" daemon [_thread_blocked, id=19940, stack(0x0000000017dd0000,0x0000000017ed0000)]
=>0x000000001658d800 JavaThread "C2 CompilerThread1" daemon [_thread_in_native, id=20608, stack(0x0000000017cd0000,0x0000000017dd0000)]
  0x0000000016585000 JavaThread "C2 CompilerThread0" daemon [_thread_blocked, id=16596, stack(0x0000000017bd0000,0x0000000017cd0000)]
  0x0000000016583000 JavaThread "Attach Listener" daemon [_thread_blocked, id=8776, stack(0x0000000017ad0000,0x0000000017bd0000)]
  0x0000000016582000 JavaThread "Signal Dispatcher" daemon [_thread_blocked, id=19412, stack(0x00000000179d0000,0x0000000017ad0000)]
  0x0000000002c0b000 JavaThread "Finalizer" daemon [_thread_blocked, id=18588, stack(0x00000000177d0000,0x00000000178d0000)]
  0x0000000016569000 JavaThread "Reference Handler" daemon [_thread_blocked, id=24512, stack(0x00000000176d0000,0x00000000177d0000)]
  0x0000000002a8e800 JavaThread "main" [_thread_blocked, id=21628, stack(0x0000000002910000,0x0000000002a10000)]

Other Threads:
  0x0000000016546000 VMThread [stack: 0x00000000175d0000,0x00000000176d0000] [id=14680]
  0x00000000165de000 WatcherThread [stack: 0x00000000183d0000,0x00000000184d0000] [id=21600]

VM state:not at safepoint (normal execution)

VM Mutex/Monitor currently owned by a thread: None

heap address: 0x00000000a0000000, size: 1536 MB, Compressed Oops mode: 32-bit
Narrow klass base: 0x0000000000000000, Narrow klass shift: 3
Compressed class space size: 1073741824 Address: 0x0000000100000000

Heap:
 PSYoungGen      total 43008K, used 30497K [0x00000000e0000000, 0x00000000e5300000, 0x0000000100000000)
  eden space 31744K, 96% used [0x00000000e0000000,0x00000000e1dc8488,0x00000000e1f00000)
  from space 11264K, 0% used [0x00000000e1f00000,0x00000000e1f00000,0x00000000e2a00000)
  to   space 10752K, 0% used [0x00000000e4880000,0x00000000e4880000,0x00000000e5300000)
 ParOldGen       total 49664K, used 6920K [0x00000000a0000000, 0x00000000a3080000, 0x00000000e0000000)
  object space 49664K, 13% used [0x00000000a0000000,0x00000000a06c2208,0x00000000a3080000)
 Metaspace       used 22371K, capacity 23024K, committed 23344K, reserved 1069056K
  class space    used 3159K, capacity 3342K, committed 3376K, reserved 1048576K

Card table byte_map: [0x0000000011fd0000,0x00000000122e0000] byte_map_base: 0x0000000011ad0000

Marking Bits: (ParMarkBitMap*) 0x0000000055e8f030
 Begin Bits: [0x00000000128e0000, 0x00000000140e0000)
 End Bits:   [0x00000000140e0000, 0x00000000158e0000)

Polling page: 0x0000000001140000

CodeCache: size=245760Kb used=6269Kb max_used=6277Kb free=239490Kb
 bounds [0x0000000002c10000, 0x0000000003240000, 0x0000000011c10000]
 total_blobs=2279 nmethods=1851 adapters=341
 compilation: enabled

Compilation events (10 events):
Event: 71.408 Thread 0x000000001658d800 2031       4       java.util.concurrent.locks.ReentrantLock$Sync::tryRelease (45 bytes)
Event: 71.409 Thread 0x000000001658d800 nmethod 2031 0x0000000002e26d10 code [0x0000000002e26e40, 0x0000000002e26ef8]
Event: 71.414 Thread 0x0000000016585000 nmethod 2008 0x0000000003236810 code [0x0000000003236a20, 0x0000000003237d48]
Event: 71.516 Thread 0x000000001659a800 2032       3       com.google.common.base.Preconditions::checkArgument (28 bytes)
Event: 71.518 Thread 0x000000001659a800 nmethod 2032 0x0000000003235cd0 code [0x0000000003235e80, 0x0000000003236498]
Event: 71.518 Thread 0x000000001659a800 2033       3       com.google.common.io.BaseEncoding$Alphabet::encode (7 bytes)
Event: 71.518 Thread 0x000000001659a800 nmethod 2033 0x0000000003235910 code [0x0000000003235a60, 0x0000000003235bf0]
Event: 71.520 Thread 0x000000001659a800 2034       3       java.util.regex.Pattern$5::isSatisfiedBy (28 bytes)
Event: 71.521 Thread 0x000000001659a800 nmethod 2034 0x00000000032352d0 code [0x0000000003235460, 0x00000000032357f8]
Event: 71.566 Thread 0x000000001658d800 2035   !   4       java.net.URL::<init> (543 bytes)

GC Heap History (10 events):
Event: 50.437 GC heap before
{Heap before GC invocations=4 (full 0):
 PSYoungGen      total 38400K, used 38368K [0x00000000e0000000, 0x00000000e2a80000, 0x0000000100000000)
  eden space 33280K, 100% used [0x00000000e0000000,0x00000000e2080000,0x00000000e2080000)
  from space 5120K, 99% used [0x00000000e2080000,0x00000000e2578020,0x00000000e2580000)
  to   space 5120K, 0% used [0x00000000e2580000,0x00000000e2580000,0x00000000e2a80000)
 ParOldGen       total 87552K, used 973K [0x00000000a0000000, 0x00000000a5580000, 0x00000000e0000000)
  object space 87552K, 1% used [0x00000000a0000000,0x00000000a00f3640,0x00000000a5580000)
 Metaspace       used 15083K, capacity 15564K, committed 15744K, reserved 1062912K
  class space    used 1988K, capacity 2154K, committed 2176K, reserved 1048576K
Event: 50.452 GC heap after
Heap after GC invocations=4 (full 0):
 PSYoungGen      total 38400K, used 5088K [0x00000000e0000000, 0x00000000e2a80000, 0x0000000100000000)
  eden space 33280K, 0% used [0x00000000e0000000,0x00000000e0000000,0x00000000e2080000)
  from space 5120K, 99% used [0x00000000e2580000,0x00000000e2a78020,0x00000000e2a80000)
  to   space 5120K, 0% used [0x00000000e2080000,0x00000000e2080000,0x00000000e2580000)
 ParOldGen       total 87552K, used 3307K [0x00000000a0000000, 0x00000000a5580000, 0x00000000e0000000)
  object space 87552K, 3% used [0x00000000a0000000,0x00000000a033af78,0x00000000a5580000)
 Metaspace       used 15083K, capacity 15564K, committed 15744K, reserved 1062912K
  class space    used 1988K, capacity 2154K, committed 2176K, reserved 1048576K
}
Event: 58.922 GC heap before
{Heap before GC invocations=5 (full 0):
 PSYoungGen      total 38400K, used 38368K [0x00000000e0000000, 0x00000000e2a80000, 0x0000000100000000)
  eden space 33280K, 100% used [0x00000000e0000000,0x00000000e2080000,0x00000000e2080000)
  from space 5120K, 99% used [0x00000000e2580000,0x00000000e2a78020,0x00000000e2a80000)
  to   space 5120K, 0% used [0x00000000e2080000,0x00000000e2080000,0x00000000e2580000)
 ParOldGen       total 87552K, used 3307K [0x00000000a0000000, 0x00000000a5580000, 0x00000000e0000000)
  object space 87552K, 3% used [0x00000000a0000000,0x00000000a033af78,0x00000000a5580000)
 Metaspace       used 17895K, capacity 18394K, committed 18560K, reserved 1064960K
  class space    used 2432K, capacity 2603K, committed 2688K, reserved 1048576K
Event: 58.935 GC heap after
Heap after GC invocations=5 (full 0):
 PSYoungGen      total 37888K, used 5104K [0x00000000e0000000, 0x00000000e3400000, 0x0000000100000000)
  eden space 32768K, 0% used [0x00000000e0000000,0x00000000e0000000,0x00000000e2000000)
  from space 5120K, 99% used [0x00000000e2080000,0x00000000e257c010,0x00000000e2580000)
  to   space 10240K, 0% used [0x00000000e2a00000,0x00000000e2a00000,0x00000000e3400000)
 ParOldGen       total 87552K, used 6620K [0x00000000a0000000, 0x00000000a5580000, 0x00000000e0000000)
  object space 87552K, 7% used [0x00000000a0000000,0x00000000a0677210,0x00000000a5580000)
 Metaspace       used 17895K, capacity 18394K, committed 18560K, reserved 1064960K
  class space    used 2432K, capacity 2603K, committed 2688K, reserved 1048576K
}
Event: 65.130 GC heap before
{Heap before GC invocations=6 (full 0):
 PSYoungGen      total 37888K, used 37872K [0x00000000e0000000, 0x00000000e3400000, 0x0000000100000000)
  eden space 32768K, 100% used [0x00000000e0000000,0x00000000e2000000,0x00000000e2000000)
  from space 5120K, 99% used [0x00000000e2080000,0x00000000e257c010,0x00000000e2580000)
  to   space 10240K, 0% used [0x00000000e2a00000,0x00000000e2a00000,0x00000000e3400000)
 ParOldGen       total 87552K, used 6620K [0x00000000a0000000, 0x00000000a5580000, 0x00000000e0000000)
  object space 87552K, 7% used [0x00000000a0000000,0x00000000a0677210,0x00000000a5580000)
 Metaspace       used 20532K, capacity 21192K, committed 21248K, reserved 1067008K
  class space    used 2869K, capacity 3052K, committed 3072K, reserved 1048576K
Event: 65.150 GC heap after
Heap after GC invocations=6 (full 0):
 PSYoungGen      total 41984K, used 8625K [0x00000000e0000000, 0x00000000e3580000, 0x0000000100000000)
  eden space 31744K, 0% used [0x00000000e0000000,0x00000000e0000000,0x00000000e1f00000)
  from space 10240K, 84% used [0x00000000e2a00000,0x00000000e326c750,0x00000000e3400000)
  to   space 11264K, 0% used [0x00000000e1f00000,0x00000000e1f00000,0x00000000e2a00000)
 ParOldGen       total 87552K, used 6628K [0x00000000a0000000, 0x00000000a5580000, 0x00000000e0000000)
  object space 87552K, 7% used [0x00000000a0000000,0x00000000a0679210,0x00000000a5580000)
 Metaspace       used 20532K, capacity 21192K, committed 21248K, reserved 1067008K
  class space    used 2869K, capacity 3052K, committed 3072K, reserved 1048576K
}
Event: 65.512 GC heap before
{Heap before GC invocations=7 (full 0):
 PSYoungGen      total 41984K, used 10703K [0x00000000e0000000, 0x00000000e3580000, 0x0000000100000000)
  eden space 31744K, 6% used [0x00000000e0000000,0x00000000e0207880,0x00000000e1f00000)
  from space 10240K, 84% used [0x00000000e2a00000,0x00000000e326c750,0x00000000e3400000)
  to   space 11264K, 0% used [0x00000000e1f00000,0x00000000e1f00000,0x00000000e2a00000)
 ParOldGen       total 87552K, used 6628K [0x00000000a0000000, 0x00000000a5580000, 0x00000000e0000000)
  object space 87552K, 7% used [0x00000000a0000000,0x00000000a0679210,0x00000000a5580000)
 Metaspace       used 20625K, capacity 21256K, committed 21296K, reserved 1067008K
  class space    used 2882K, capacity 3116K, committed 3120K, reserved 1048576K
Event: 65.537 GC heap after
Heap after GC invocations=7 (full 0):
 PSYoungGen      total 43008K, used 4052K [0x00000000e0000000, 0x00000000e5300000, 0x0000000100000000)
  eden space 31744K, 0% used [0x00000000e0000000,0x00000000e0000000,0x00000000e1f00000)
  from space 11264K, 35% used [0x00000000e1f00000,0x00000000e22f5040,0x00000000e2a00000)
  to   space 10752K, 0% used [0x00000000e4880000,0x00000000e4880000,0x00000000e5300000)
 ParOldGen       total 87552K, used 8868K [0x00000000a0000000, 0x00000000a5580000, 0x00000000e0000000)
  object space 87552K, 10% used [0x00000000a0000000,0x00000000a08a9260,0x00000000a5580000)
 Metaspace       used 20625K, capacity 21256K, committed 21296K, reserved 1067008K
  class space    used 2882K, capacity 3116K, committed 3120K, reserved 1048576K
}
Event: 65.537 GC heap before
{Heap before GC invocations=8 (full 1):
 PSYoungGen      total 43008K, used 4052K [0x00000000e0000000, 0x00000000e5300000, 0x0000000100000000)
  eden space 31744K, 0% used [0x00000000e0000000,0x00000000e0000000,0x00000000e1f00000)
  from space 11264K, 35% used [0x00000000e1f00000,0x00000000e22f5040,0x00000000e2a00000)
  to   space 10752K, 0% used [0x00000000e4880000,0x00000000e4880000,0x00000000e5300000)
 ParOldGen       total 87552K, used 8868K [0x00000000a0000000, 0x00000000a5580000, 0x00000000e0000000)
  object space 87552K, 10% used [0x00000000a0000000,0x00000000a08a9260,0x00000000a5580000)
 Metaspace       used 20625K, capacity 21256K, committed 21296K, reserved 1067008K
  class space    used 2882K, capacity 3116K, committed 3120K, reserved 1048576K
Event: 65.721 GC heap after
Heap after GC invocations=8 (full 1):
 PSYoungGen      total 43008K, used 0K [0x00000000e0000000, 0x00000000e5300000, 0x0000000100000000)
  eden space 31744K, 0% used [0x00000000e0000000,0x00000000e0000000,0x00000000e1f00000)
  from space 11264K, 0% used [0x00000000e1f00000,0x00000000e1f00000,0x00000000e2a00000)
  to   space 10752K, 0% used [0x00000000e4880000,0x00000000e4880000,0x00000000e5300000)
 ParOldGen       total 49664K, used 6920K [0x00000000a0000000, 0x00000000a3080000, 0x00000000e0000000)
  object space 49664K, 13% used [0x00000000a0000000,0x00000000a06c2208,0x00000000a3080000)
 Metaspace       used 20625K, capacity 21256K, committed 21296K, reserved 1067008K
  class space    used 2882K, capacity 3116K, committed 3120K, reserved 1048576K
}

Deoptimization events (10 events):
Event: 63.701 Thread 0x0000000018251000 Uncommon trap: reason=bimorphic action=maybe_recompile pc=0x00000000030d57c4 method=java.lang.ClassLoader.loadClass(Ljava/lang/String;Z)Ljava/lang/Class; @ 38
Event: 63.895 Thread 0x0000000018251000 Uncommon trap: reason=bimorphic action=maybe_recompile pc=0x00000000030d57c4 method=java.lang.ClassLoader.loadClass(Ljava/lang/String;Z)Ljava/lang/Class; @ 38
Event: 63.898 Thread 0x0000000018251000 Uncommon trap: reason=bimorphic action=maybe_recompile pc=0x00000000030d57c4 method=java.lang.ClassLoader.loadClass(Ljava/lang/String;Z)Ljava/lang/Class; @ 38
Event: 63.900 Thread 0x0000000018251000 Uncommon trap: reason=bimorphic action=maybe_recompile pc=0x00000000030d57c4 method=java.lang.ClassLoader.loadClass(Ljava/lang/String;Z)Ljava/lang/Class; @ 38
Event: 65.721 Thread 0x0000000002c0b000 Uncommon trap: reason=unstable_if action=reinterpret pc=0x0000000003179e3c method=java.lang.ref.Finalizer.remove()V @ 10
Event: 65.722 Thread 0x0000000002c0b000 Uncommon trap: reason=unstable_if action=reinterpret pc=0x000000000317dd64 method=java.lang.ref.Finalizer.remove()V @ 10
Event: 66.775 Thread 0x0000000018251000 Uncommon trap: reason=unstable_if action=reinterpret pc=0x0000000002d50cb0 method=java.util.HashMap.hash(Ljava/lang/Object;)I @ 1
Event: 66.955 Thread 0x0000000018251000 Uncommon trap: reason=unstable_if action=reinterpret pc=0x000000000304bf68 method=java.util.HashMap.hash(Ljava/lang/Object;)I @ 1
Event: 69.312 Thread 0x0000000018251000 Uncommon trap: reason=unstable_if action=reinterpret pc=0x0000000002f585cc method=java.io.WinNTFileSystem.resolve(Ljava/lang/String;Ljava/lang/String;)Ljava/lang/String; @ 49
Event: 70.412 Thread 0x0000000018251000 Uncommon trap: reason=unstable_if action=reinterpret pc=0x0000000002f7fc30 method=java.util.LinkedHashMap.afterNodeInsertion(Z)V @ 1

Classes redefined (0 events):
No events

Internal exceptions (10 events):
Event: 64.552 Thread 0x0000000018251000 Exception <a 'java/lang/NoSuchMethodError': <clinit>> (0x00000000e1b66850) thrown at [C:\src\AOSP-openjdk-git\hotspot\src\share\vm\prims\jni.cpp, line 1615]
Event: 64.798 Thread 0x0000000018251000 Exception <a 'java/lang/NoSuchMethodError': <clinit>> (0x00000000e1c91ea0) thrown at [C:\src\AOSP-openjdk-git\hotspot\src\share\vm\prims\jni.cpp, line 1615]
Event: 64.798 Thread 0x0000000018251000 Exception <a 'java/lang/NoSuchMethodError': <clinit>> (0x00000000e1c95f48) thrown at [C:\src\AOSP-openjdk-git\hotspot\src\share\vm\prims\jni.cpp, line 1615]
Event: 64.798 Thread 0x0000000018251000 Exception <a 'java/lang/NoSuchMethodError': <clinit>> (0x00000000e1c97880) thrown at [C:\src\AOSP-openjdk-git\hotspot\src\share\vm\prims\jni.cpp, line 1615]
Event: 64.798 Thread 0x0000000018251000 Exception <a 'java/lang/NoSuchMethodError': <clinit>> (0x00000000e1c98d30) thrown at [C:\src\AOSP-openjdk-git\hotspot\src\share\vm\prims\jni.cpp, line 1615]
Event: 64.798 Thread 0x0000000018251000 Exception <a 'java/lang/NoSuchMethodError': <clinit>> (0x00000000e1c9a430) thrown at [C:\src\AOSP-openjdk-git\hotspot\src\share\vm\prims\jni.cpp, line 1615]
Event: 64.798 Thread 0x0000000018251000 Exception <a 'java/lang/NoSuchMethodError': <clinit>> (0x00000000e1c9b9e0) thrown at [C:\src\AOSP-openjdk-git\hotspot\src\share\vm\prims\jni.cpp, line 1615]
Event: 64.798 Thread 0x0000000018251000 Exception <a 'java/lang/NoSuchMethodError': <clinit>> (0x00000000e1c9ce30) thrown at [C:\src\AOSP-openjdk-git\hotspot\src\share\vm\prims\jni.cpp, line 1615]
Event: 66.775 Thread 0x0000000018251000 Implicit null exception at 0x0000000002d50a95 to 0x0000000002d50ca1
Event: 66.955 Thread 0x0000000018251000 Implicit null exception at 0x000000000304beef to 0x000000000304bf59

Events (10 events):
Event: 71.622 loading class org/gradle/internal/execution/history/impl/FileCollectionFingerprintSerializer done
Event: 71.623 loading class org/gradle/internal/execution/history/impl/FingerprintMapSerializer
Event: 71.623 loading class org/gradle/internal/execution/history/impl/FingerprintMapSerializer done
Event: 71.625 loading class org/gradle/internal/fingerprint/FileSystemLocationFingerprint
Event: 71.625 loading class org/gradle/internal/fingerprint/FileSystemLocationFingerprint done
Event: 71.626 loading class org/gradle/internal/snapshot/impl/SnapshotSerializer
Event: 71.626 loading class org/gradle/internal/snapshot/impl/SnapshotSerializer done
Event: 71.628 loading class org/gradle/internal/snapshot/impl/ImplementationSnapshot$SerializerImpl
Event: 71.628 loading class org/gradle/internal/snapshot/impl/ImplementationSnapshot$SerializerImpl done
Event: 71.629 Thread 0x0000000018cf9800 Thread added: 0x0000000018cf9800


Dynamic libraries:
0x00007ff72e850000 - 0x00007ff72e881000 	C:\Program Files\Android\Android Studio\jre\bin\java.exe
0x00007ffe7dde0000 - 0x00007ffe7dfd0000 	C:\WINDOWS\SYSTEM32\ntdll.dll
0x00007ffe7d8b0000 - 0x00007ffe7d962000 	C:\WINDOWS\System32\KERNEL32.DLL
0x00007ffe7af50000 - 0x00007ffe7b1f4000 	C:\WINDOWS\System32\KERNELBASE.dll
0x00007ffe7cf00000 - 0x00007ffe7cfa3000 	C:\WINDOWS\System32\ADVAPI32.dll
0x00007ffe7d620000 - 0x00007ffe7d6be000 	C:\WINDOWS\System32\msvcrt.dll
0x00007ffe7ccc0000 - 0x00007ffe7cd57000 	C:\WINDOWS\System32\sechost.dll
0x00007ffe7d730000 - 0x00007ffe7d850000 	C:\WINDOWS\System32\RPCRT4.dll
0x00007ffe7cd60000 - 0x00007ffe7cef4000 	C:\WINDOWS\System32\USER32.dll
0x00007ffe7bd30000 - 0x00007ffe7bd51000 	C:\WINDOWS\System32\win32u.dll
0x00007ffe7c3d0000 - 0x00007ffe7c3f6000 	C:\WINDOWS\System32\GDI32.dll
0x00007ffe7ad60000 - 0x00007ffe7aef6000 	C:\WINDOWS\System32\gdi32full.dll
0x00007ffe7b220000 - 0x00007ffe7b2be000 	C:\WINDOWS\System32\msvcp_win.dll
0x00007ffe7bd90000 - 0x00007ffe7be8a000 	C:\WINDOWS\System32\ucrtbase.dll
0x00007ffe5b030000 - 0x00007ffe5b2b4000 	C:\WINDOWS\WinSxS\amd64_microsoft.windows.common-controls_6595b64144ccf1df_6.0.18362.959_none_e6c7bbbf130c62bb\COMCTL32.dll
0x00007ffe7d270000 - 0x00007ffe7d5a5000 	C:\WINDOWS\System32\combase.dll
0x00007ffe7b470000 - 0x00007ffe7b4f0000 	C:\WINDOWS\System32\bcryptPrimitives.dll
0x00007ffe7d970000 - 0x00007ffe7d99e000 	C:\WINDOWS\System32\IMM32.DLL
0x0000000055450000 - 0x0000000055522000 	C:\Program Files\Android\Android Studio\jre\jre\bin\msvcr100.dll
0x00000000556c0000 - 0x0000000055f0b000 	C:\Program Files\Android\Android Studio\jre\jre\bin\server\jvm.dll
0x00007ffe7d050000 - 0x00007ffe7d058000 	C:\WINDOWS\System32\PSAPI.DLL
0x00007ffe60c40000 - 0x00007ffe60c49000 	C:\WINDOWS\SYSTEM32\WSOCK32.dll
0x00007ffe773f0000 - 0x00007ffe77414000 	C:\WINDOWS\SYSTEM32\WINMM.dll
0x00007ffe745e0000 - 0x00007ffe745ea000 	C:\WINDOWS\SYSTEM32\VERSION.dll
0x00007ffe7cc50000 - 0x00007ffe7ccbf000 	C:\WINDOWS\System32\WS2_32.dll
0x00007ffe773c0000 - 0x00007ffe773ed000 	C:\WINDOWS\SYSTEM32\winmmbase.dll
0x00007ffe7af00000 - 0x00007ffe7af4a000 	C:\WINDOWS\System32\cfgmgr32.dll
0x00007ffe76f00000 - 0x00007ffe76f0f000 	C:\Program Files\Android\Android Studio\jre\jre\bin\verify.dll
0x00007ffe76ed0000 - 0x00007ffe76ef9000 	C:\Program Files\Android\Android Studio\jre\jre\bin\java.dll
0x00007ffe56740000 - 0x00007ffe56756000 	C:\Program Files\Android\Android Studio\jre\jre\bin\zip.dll
0x00007ffe7c400000 - 0x00007ffe7cae6000 	C:\WINDOWS\System32\SHELL32.dll
0x00007ffe7d9a0000 - 0x00007ffe7da49000 	C:\WINDOWS\System32\shcore.dll
0x00007ffe7b5a0000 - 0x00007ffe7bd22000 	C:\WINDOWS\System32\windows.storage.dll
0x00007ffe7acc0000 - 0x00007ffe7ace3000 	C:\WINDOWS\System32\profapi.dll
0x00007ffe7ad10000 - 0x00007ffe7ad5a000 	C:\WINDOWS\System32\powrprof.dll
0x00007ffe7ac90000 - 0x00007ffe7aca0000 	C:\WINDOWS\System32\UMPDC.dll
0x00007ffe7d850000 - 0x00007ffe7d8a2000 	C:\WINDOWS\System32\shlwapi.dll
0x00007ffe7acf0000 - 0x00007ffe7ad01000 	C:\WINDOWS\System32\kernel.appcore.dll
0x00007ffe7b200000 - 0x00007ffe7b217000 	C:\WINDOWS\System32\cryptsp.dll
0x00007ffe55920000 - 0x00007ffe5593a000 	C:\Program Files\Android\Android Studio\jre\jre\bin\net.dll
0x00007ffe7a500000 - 0x00007ffe7a567000 	C:\WINDOWS\system32\mswsock.dll
0x00007ffe55870000 - 0x00007ffe55883000 	C:\Program Files\Android\Android Studio\jre\jre\bin\nio.dll
0x00007ffe4b030000 - 0x00007ffe4b056000 	C:\Users\Niyati Patel\.gradle\native\31\windows-amd64\native-platform.dll
0x00007ffe70f50000 - 0x00007ffe70f5d000 	C:\Program Files\Android\Android Studio\jre\jre\bin\management.dll
0x00007ffe7a070000 - 0x00007ffe7a0a3000 	C:\WINDOWS\system32\rsaenh.dll
0x00007ffe7bd60000 - 0x00007ffe7bd86000 	C:\WINDOWS\System32\bcrypt.dll
0x00007ffe7ab80000 - 0x00007ffe7aba5000 	C:\WINDOWS\SYSTEM32\USERENV.dll
0x00007ffe7a6d0000 - 0x00007ffe7a6dc000 	C:\WINDOWS\SYSTEM32\CRYPTBASE.dll
0x00007ffe7a210000 - 0x00007ffe7a24a000 	C:\WINDOWS\SYSTEM32\IPHLPAPI.DLL
0x00007ffe7db60000 - 0x00007ffe7db68000 	C:\WINDOWS\System32\NSI.dll
0x00007ffe6e470000 - 0x00007ffe6e486000 	C:\WINDOWS\SYSTEM32\dhcpcsvc6.DLL
0x00007ffe6e360000 - 0x00007ffe6e37c000 	C:\WINDOWS\SYSTEM32\dhcpcsvc.DLL
0x00007ffe7a2a0000 - 0x00007ffe7a36b000 	C:\WINDOWS\SYSTEM32\DNSAPI.dll

VM Arguments:
jvm_args: -Xmx1536m -Dfile.encoding=windows-1252 -Duser.country=US -Duser.language=en -Duser.variant 
java_command: org.gradle.launcher.daemon.bootstrap.GradleDaemon 6.1.1
java_class_path (initial): C:\Users\Niyati Patel\.gradle\wrapper\dists\gradle-6.1.1-all\cfmwm155h49vnt3hynmlrsdst\gradle-6.1.1\lib\gradle-launcher-6.1.1.jar
Launcher Type: SUN_STANDARD

Environment Variables:
PATH=C:\oraclexe\app\oracle\product\10.2.0\server\bin;C:\Program Files (x86)\Common Files\Oracle\Java\javapath;C:\Program Files (x86)\Java\jre1.8.0_111\bin;C:\Program Files\Java\jdk1.8.0_212\bin;C:\Program Files\Java\jdk-12.0.2\bin;C:\WINDOWS\system32;C:\WINDOWS;C:\WINDOWS\System32\Wbem;C:\WINDOWS\System32\WindowsPowerShell\v1.0\;C:\WINDOWS\System32\OpenSSH\;C:\PHP7;C:\Users\Niyati Patel\AppData\Local\Programs\Python\Python38-32\Scripts\;C:\Users\Niyati Patel\AppData\Local\Programs\Python\Python38-32\;C:\Users\Niyati Patel\AppData\Local\Microsoft\WindowsApps;C:\Users\Niyati Patel\AppData\Local\Programs\Microsoft VS Code\bin;C:\src\flutter_windows_v1.12.13+hotfix.8-stable\flutter\bin;
USERNAME=Niyati Patel
OS=Windows_NT
PROCESSOR_IDENTIFIER=Intel64 Family 6 Model 142 Stepping 10, GenuineIntel



---------------  S Y S T E M  ---------------

OS: Windows 10.0 , 64 bit Build 18362 (10.0.18362.959)

CPU:total 4 (initial active 4) (2 cores per cpu, 2 threads per core) family 6 model 142 stepping 10, cmov, cx8, fxsr, mmx, sse, sse2, sse3, ssse3, sse4.1, sse4.2, popcnt, avx, avx2, aes, clmul, erms, 3dnowpref, lzcnt, ht, tsc, tscinvbit, bmi1, bmi2, adx

Memory: 4k page, physical 8303524k(1554224k free), swap 11282340k(7816k free)

vm_info: OpenJDK 64-Bit Server VM (25.242-b01) for windows-amd64 JRE (1.8.0_242-release-1644-b01), built by "builder" with MS VC++ 10.0 (VS2010)

time: Sun Jul 19 18:10:16 2020
timezone: India Standard Time
elapsed time: 71 seconds (0d 0h 1m 11s)

