#
# There is insufficient memory for the Java Runtime Environment to continue.
# Native memory allocation (malloc) failed to allocate 1763344 bytes for Chunk::new
# Possible reasons:
#   The system is out of physical RAM or swap space
#   The process is running with CompressedOops enabled, and the Java Heap may be blocking the growth of the native heap
# Possible solutions:
#   Reduce memory load on the system
#   Increase physical memory or swap space
#   Check if swap backing store is full
#   Decrease Java heap size (-Xmx/-Xms)
#   Decrease number of Java threads
#   Decrease Java thread stack sizes (-Xss)
#   Set larger code cache with -XX:ReservedCodeCacheSize=
#   JVM is running with Unscaled Compressed Oops mode in which the Java heap is
#     placed in the first 4GB address space. The Java Heap base address is the
#     maximum limit for the native heap growth. Please use -XX:HeapBaseMinAddress
#     to set the Java Heap base and to place the Java Heap above 4GB virtual address.
# This output file may be truncated or incomplete.
#
#  Out of Memory Error (allocation.cpp:389), pid=1112, tid=0x0000000000003958
#
# JRE version: OpenJDK Runtime Environment (8.0_242-b01) (build 1.8.0_242-release-1644-b01)
# Java VM: OpenJDK 64-Bit Server VM (25.242-b01 mixed mode windows-amd64 compressed oops)
# Failed to write core dump. Minidumps are not enabled by default on client versions of Windows
#

---------------  T H R E A D  ---------------

Current thread (0x0000000016703800):  JavaThread "C2 CompilerThread0" daemon [_thread_in_native, id=14680, stack(0x0000000017d50000,0x0000000017e50000)]

Stack: [0x0000000017d50000,0x0000000017e50000]
[error occurred during error reporting (printing stack bounds), id 0xc0000005]

Native frames: (J=compiled Java code, j=interpreted, Vv=VM code, C=native code)


Current CompileTask:
C2:  34044 5324   !   4       java.net.URLClassLoader$1::run (63 bytes)


---------------  P R O C E S S  ---------------

Java Threads: ( => current thread )
  0x000000001a9d8000 JavaThread "Cache worker for file content cache (C:\Users\Niyati Patel\AndroidStudioProjects\TAVERN\.gradle\6.1.1\fileContent)" [_thread_blocked, id=29008, stack(0x00000000234b0000,0x00000000235b0000)]
  0x000000001a9de800 JavaThread "Cache worker for file content cache (C:\Users\Niyati Patel\.gradle\caches\6.1.1\fileContent)" [_thread_blocked, id=29560, stack(0x00000000233b0000,0x00000000234b0000)]
  0x000000001a9dc800 JavaThread "Memory manager" [_thread_blocked, id=1072, stack(0x00000000232b0000,0x00000000233b0000)]
  0x000000001a9dd000 JavaThread "Cache worker for Build Output Cleanup Cache (C:\Users\Niyati Patel\AndroidStudioProjects\TAVERN\.gradle\buildOutputCleanup)" [_thread_blocked, id=23916, stack(0x00000000227b0000,0x00000000228b0000)]
  0x000000001a9d6800 JavaThread "pool-1-thread-1" [_thread_blocked, id=29416, stack(0x00000000210b0000,0x00000000211b0000)]
  0x000000001a9d5000 JavaThread "Build operations Thread 4" [_thread_blocked, id=28924, stack(0x0000000020db0000,0x0000000020eb0000)]
  0x000000001a9d4000 JavaThread "Build operations Thread 3" [_thread_blocked, id=15684, stack(0x0000000020cb0000,0x0000000020db0000)]
  0x000000001a9d3800 JavaThread "Build operations Thread 2" [_thread_blocked, id=16788, stack(0x0000000020bb0000,0x0000000020cb0000)]
  0x000000001a9d7000 JavaThread "Build operations" [_thread_blocked, id=1428, stack(0x0000000020ab0000,0x0000000020bb0000)]
  0x0000000019421800 JavaThread "Cache worker for execution history cache (C:\Users\Niyati Patel\.gradle\caches\6.1.1\executionHistory)" [_thread_blocked, id=19864, stack(0x000000001ed10000,0x000000001ee10000)]
  0x0000000019420800 JavaThread "Cache worker for cache directory md-rule (C:\Users\Niyati Patel\.gradle\caches\6.1.1\md-rule)" [_thread_blocked, id=5564, stack(0x000000001ec10000,0x000000001ed10000)]
  0x0000000019426000 JavaThread "Cache worker for cache directory md-supplier (C:\Users\Niyati Patel\.gradle\caches\6.1.1\md-supplier)" [_thread_blocked, id=29084, stack(0x000000001eb10000,0x000000001ec10000)]
  0x0000000019423000 JavaThread "Cache worker for file hash cache (C:\Users\Niyati Patel\AndroidStudioProjects\TAVERN\.gradle\6.1.1\fileHashes)" [_thread_blocked, id=29172, stack(0x000000001e610000,0x000000001e710000)]
  0x0000000019422000 JavaThread "Cache worker for checksums cache (C:\Users\Niyati Patel\AndroidStudioProjects\TAVERN\.gradle\checksums)" [_thread_blocked, id=12732, stack(0x000000001e510000,0x000000001e610000)]
  0x0000000019423800 JavaThread "Cache worker for file hash cache (C:\Users\Niyati Patel\.gradle\caches\6.1.1\fileHashes)" [_thread_blocked, id=12244, stack(0x000000001c470000,0x000000001c570000)]
  0x0000000019420000 JavaThread "File lock request listener" [_thread_in_native, id=29212, stack(0x000000001c370000,0x000000001c470000)]
  0x000000001814f000 JavaThread "Cache worker for journal cache (C:\Users\Niyati Patel\.gradle\caches\journal-1)" [_thread_blocked, id=26776, stack(0x000000001c270000,0x000000001c370000)]
  0x0000000018b19000 JavaThread "Thread-9" [_thread_blocked, id=28992, stack(0x000000001bf70000,0x000000001c070000)]
  0x0000000019d54000 JavaThread "Stdin handler" [_thread_blocked, id=22060, stack(0x000000001be70000,0x000000001bf70000)]
  0x000000001a154800 JavaThread "Asynchronous log dispatcher for DefaultDaemonConnection: socket connection from /127.0.0.1:56648 to /127.0.0.1:56649" [_thread_blocked, id=5468, stack(0x000000001bd70000,0x000000001be70000)]
  0x000000001a2fa800 JavaThread "Daemon worker" [_thread_in_native, id=29672, stack(0x000000001bc70000,0x000000001bd70000)]
  0x000000001a2f9800 JavaThread "Cancel handler" [_thread_blocked, id=18948, stack(0x000000001bb70000,0x000000001bc70000)]
  0x0000000019c6f000 JavaThread "Handler for socket connection from /127.0.0.1:56648 to /127.0.0.1:56649" [_thread_in_native, id=12744, stack(0x000000001b870000,0x000000001b970000)]
  0x0000000019c6c800 JavaThread "Daemon" [_thread_blocked, id=29300, stack(0x000000001b770000,0x000000001b870000)]
  0x0000000019e0b800 JavaThread "Daemon periodic checks" [_thread_blocked, id=3040, stack(0x000000001b670000,0x000000001b770000)]
  0x0000000019e0a000 JavaThread "Incoming local TCP Connector on port 56648" [_thread_in_native, id=26052, stack(0x000000001b430000,0x000000001b530000)]
  0x00000000186d1000 JavaThread "Daemon health stats" [_thread_blocked, id=28076, stack(0x000000001adf0000,0x000000001aef0000)]
  0x0000000018078800 JavaThread "Service Thread" daemon [_thread_blocked, id=18092, stack(0x0000000018450000,0x0000000018550000)]
  0x0000000016710800 JavaThread "C1 CompilerThread2" daemon [_thread_in_native, id=29412, stack(0x0000000017f50000,0x0000000018050000)]
  0x000000001670a800 JavaThread "C2 CompilerThread1" daemon [_thread_blocked, id=29052, stack(0x0000000017e50000,0x0000000017f50000)]
=>0x0000000016703800 JavaThread "C2 CompilerThread0" daemon [_thread_in_native, id=14680, stack(0x0000000017d50000,0x0000000017e50000)]
  0x0000000016702000 JavaThread "Attach Listener" daemon [_thread_blocked, id=29512, stack(0x0000000017c50000,0x0000000017d50000)]
  0x0000000016701000 JavaThread "Signal Dispatcher" daemon [_thread_blocked, id=25512, stack(0x0000000017b50000,0x0000000017c50000)]
  0x0000000002d8b000 JavaThread "Finalizer" daemon [_thread_blocked, id=11616, stack(0x0000000017950000,0x0000000017a50000)]
  0x00000000166e9000 JavaThread "Reference Handler" daemon [_thread_blocked, id=1444, stack(0x0000000017850000,0x0000000017950000)]
  0x0000000002b1e800 JavaThread "main" [_thread_blocked, id=23080, stack(0x0000000002b90000,0x0000000002c90000)]

Other Threads:
  0x00000000166c6000 VMThread [stack: 0x0000000017750000,0x0000000017850000] [id=11640]
  0x000000001807a000 WatcherThread [stack: 0x0000000018550000,0x0000000018650000] [id=5700]

VM state:not at safepoint (normal execution)

VM Mutex/Monitor currently owned by a thread: None

heap address: 0x00000000a0000000, size: 1536 MB, Compressed Oops mode: 32-bit
Narrow klass base: 0x0000000000000000, Narrow klass shift: 3
Compressed class space size: 1073741824 Address: 0x0000000100000000

Heap:
 PSYoungGen      total 246272K, used 22677K [0x00000000e0000000, 0x00000000f2800000, 0x0000000100000000)
  eden space 224256K, 10% used [0x00000000e0000000,0x00000000e16254b8,0x00000000edb00000)
  from space 22016K, 0% used [0x00000000ef100000,0x00000000ef100000,0x00000000f0680000)
  to   space 22528K, 0% used [0x00000000edb00000,0x00000000edb00000,0x00000000ef100000)
 ParOldGen       total 73728K, used 30649K [0x00000000a0000000, 0x00000000a4800000, 0x00000000e0000000)
  object space 73728K, 41% used [0x00000000a0000000,0x00000000a1dee6d8,0x00000000a4800000)
 Metaspace       used 58166K, capacity 60322K, committed 60592K, reserved 1101824K
  class space    used 8021K, capacity 8525K, committed 8624K, reserved 1048576K

Card table byte_map: [0x0000000012150000,0x0000000012460000] byte_map_base: 0x0000000011c50000

Marking Bits: (ParMarkBitMap*) 0x0000000054abf030
 Begin Bits: [0x0000000012a60000, 0x0000000014260000)
 End Bits:   [0x0000000014260000, 0x0000000015a60000)

Polling page: 0x0000000002b00000

CodeCache: size=245760Kb used=17418Kb max_used=17457Kb free=228341Kb
 bounds [0x0000000002d90000, 0x0000000003ef0000, 0x0000000011d90000]
 total_blobs=5711 nmethods=4931 adapters=693
 compilation: enabled

Compilation events (10 events):
Event: 33.583 Thread 0x0000000016710800 5483       3       java.lang.invoke.LambdaForm$DMH/728305918::invokeStatic_LLI_L (18 bytes)
Event: 33.584 Thread 0x0000000016710800 nmethod 5483 0x00000000036dc910 code [0x00000000036dcaa0, 0x00000000036dd058]
Event: 33.584 Thread 0x0000000016710800 5484       1       org.gradle.api.internal.artifacts.dependencies.DefaultResolvedVersionConstraint::getRejectedSelector (5 bytes)
Event: 33.584 Thread 0x0000000016710800 nmethod 5484 0x00000000036dc650 code [0x00000000036dc7a0, 0x00000000036dc8b0]
Event: 33.584 Thread 0x0000000016710800 5485       1       org.gradle.api.internal.artifacts.dependencies.DefaultResolvedVersionConstraint::getPreferredSelector (5 bytes)
Event: 33.584 Thread 0x0000000016710800 nmethod 5485 0x00000000036dc390 code [0x00000000036dc4e0, 0x00000000036dc5f0]
Event: 33.609 Thread 0x0000000016710800 5486   !   3       org.gradle.internal.serialize.kryo.KryoBackedDecoder::readSmallInt (16 bytes)
Event: 33.610 Thread 0x0000000016710800 nmethod 5486 0x00000000036db810 code [0x00000000036db9e0, 0x00000000036dc088]
Event: 33.610 Thread 0x0000000016710800 5487       3       org.gradle.internal.serialize.kryo.KryoBackedDecoder::readString (5 bytes)
Event: 33.611 Thread 0x0000000016710800 nmethod 5487 0x00000000036dac50 code [0x00000000036dae20, 0x00000000036db4c8]

GC Heap History (10 events):
Event: 16.336 GC heap before
{Heap before GC invocations=11 (full 2):
 PSYoungGen      total 139264K, used 11258K [0x00000000e0000000, 0x00000000ebd80000, 0x0000000100000000)
  eden space 128000K, 0% used [0x00000000e0000000,0x00000000e0000000,0x00000000e7d00000)
  from space 11264K, 99% used [0x00000000e7d00000,0x00000000e87fe9f8,0x00000000e8800000)
  to   space 12800K, 0% used [0x00000000eb100000,0x00000000eb100000,0x00000000ebd80000)
 ParOldGen       total 50688K, used 7405K [0x00000000a0000000, 0x00000000a3180000, 0x00000000e0000000)
  object space 50688K, 14% used [0x00000000a0000000,0x00000000a073b7d8,0x00000000a3180000)
 Metaspace       used 34586K, capacity 35426K, committed 35496K, reserved 1079296K
  class space    used 4744K, capacity 5002K, committed 5040K, reserved 1048576K
Event: 16.446 GC heap after
Heap after GC invocations=11 (full 2):
 PSYoungGen      total 139264K, used 0K [0x00000000e0000000, 0x00000000ebd80000, 0x0000000100000000)
  eden space 128000K, 0% used [0x00000000e0000000,0x00000000e0000000,0x00000000e7d00000)
  from space 11264K, 0% used [0x00000000e7d00000,0x00000000e7d00000,0x00000000e8800000)
  to   space 12800K, 0% used [0x00000000eb100000,0x00000000eb100000,0x00000000ebd80000)
 ParOldGen       total 73728K, used 18035K [0x00000000a0000000, 0x00000000a4800000, 0x00000000e0000000)
  object space 73728K, 24% used [0x00000000a0000000,0x00000000a119cfc8,0x00000000a4800000)
 Metaspace       used 34586K, capacity 35426K, committed 35496K, reserved 1079296K
  class space    used 4744K, capacity 5002K, committed 5040K, reserved 1048576K
}
Event: 25.850 GC heap before
{Heap before GC invocations=12 (full 2):
 PSYoungGen      total 139264K, used 128000K [0x00000000e0000000, 0x00000000ebd80000, 0x0000000100000000)
  eden space 128000K, 100% used [0x00000000e0000000,0x00000000e7d00000,0x00000000e7d00000)
  from space 11264K, 0% used [0x00000000e7d00000,0x00000000e7d00000,0x00000000e8800000)
  to   space 12800K, 0% used [0x00000000eb100000,0x00000000eb100000,0x00000000ebd80000)
 ParOldGen       total 73728K, used 18035K [0x00000000a0000000, 0x00000000a4800000, 0x00000000e0000000)
  object space 73728K, 24% used [0x00000000a0000000,0x00000000a119cfc8,0x00000000a4800000)
 Metaspace       used 45337K, capacity 46776K, committed 47024K, reserved 1089536K
  class space    used 6136K, capacity 6526K, committed 6576K, reserved 1048576K
Event: 25.889 GC heap after
Heap after GC invocations=12 (full 2):
 PSYoungGen      total 178176K, used 12796K [0x00000000e0000000, 0x00000000ecc80000, 0x0000000100000000)
  eden space 165376K, 0% used [0x00000000e0000000,0x00000000e0000000,0x00000000ea180000)
  from space 12800K, 99% used [0x00000000eb100000,0x00000000ebd7f320,0x00000000ebd80000)
  to   space 15872K, 0% used [0x00000000ea180000,0x00000000ea180000,0x00000000eb100000)
 ParOldGen       total 73728K, used 21364K [0x00000000a0000000, 0x00000000a4800000, 0x00000000e0000000)
  object space 73728K, 28% used [0x00000000a0000000,0x00000000a14dd258,0x00000000a4800000)
 Metaspace       used 45337K, capacity 46776K, committed 47024K, reserved 1089536K
  class space    used 6136K, capacity 6526K, committed 6576K, reserved 1048576K
}
Event: 32.381 GC heap before
{Heap before GC invocations=13 (full 2):
 PSYoungGen      total 178176K, used 178172K [0x00000000e0000000, 0x00000000ecc80000, 0x0000000100000000)
  eden space 165376K, 100% used [0x00000000e0000000,0x00000000ea180000,0x00000000ea180000)
  from space 12800K, 99% used [0x00000000eb100000,0x00000000ebd7f320,0x00000000ebd80000)
  to   space 15872K, 0% used [0x00000000ea180000,0x00000000ea180000,0x00000000eb100000)
 ParOldGen       total 73728K, used 21364K [0x00000000a0000000, 0x00000000a4800000, 0x00000000e0000000)
  object space 73728K, 28% used [0x00000000a0000000,0x00000000a14dd258,0x00000000a4800000)
 Metaspace       used 56972K, capacity 59048K, committed 59160K, reserved 1099776K
  class space    used 7826K, capacity 8306K, committed 8368K, reserved 1048576K
Event: 32.426 GC heap after
Heap after GC invocations=13 (full 2):
 PSYoungGen      total 181248K, used 15864K [0x00000000e0000000, 0x00000000f0680000, 0x0000000100000000)
  eden space 165376K, 0% used [0x00000000e0000000,0x00000000e0000000,0x00000000ea180000)
  from space 15872K, 99% used [0x00000000ea180000,0x00000000eb0fe108,0x00000000eb100000)
  to   space 22016K, 0% used [0x00000000ef100000,0x00000000ef100000,0x00000000f0680000)
 ParOldGen       total 73728K, used 32414K [0x00000000a0000000, 0x00000000a4800000, 0x00000000e0000000)
  object space 73728K, 43% used [0x00000000a0000000,0x00000000a1fa7b48,0x00000000a4800000)
 Metaspace       used 56972K, capacity 59048K, committed 59160K, reserved 1099776K
  class space    used 7826K, capacity 8306K, committed 8368K, reserved 1048576K
}
Event: 32.432 GC heap before
{Heap before GC invocations=14 (full 2):
 PSYoungGen      total 181248K, used 19040K [0x00000000e0000000, 0x00000000f0680000, 0x0000000100000000)
  eden space 165376K, 1% used [0x00000000e0000000,0x00000000e031a250,0x00000000ea180000)
  from space 15872K, 99% used [0x00000000ea180000,0x00000000eb0fe108,0x00000000eb100000)
  to   space 22016K, 0% used [0x00000000ef100000,0x00000000ef100000,0x00000000f0680000)
 ParOldGen       total 73728K, used 32414K [0x00000000a0000000, 0x00000000a4800000, 0x00000000e0000000)
  object space 73728K, 43% used [0x00000000a0000000,0x00000000a1fa7b48,0x00000000a4800000)
 Metaspace       used 56989K, capacity 59048K, committed 59160K, reserved 1099776K
  class space    used 7828K, capacity 8306K, committed 8368K, reserved 1048576K
Event: 32.446 GC heap after
Heap after GC invocations=14 (full 2):
 PSYoungGen      total 246272K, used 160K [0x00000000e0000000, 0x00000000f2800000, 0x0000000100000000)
  eden space 224256K, 0% used [0x00000000e0000000,0x00000000e0000000,0x00000000edb00000)
  from space 22016K, 0% used [0x00000000ef100000,0x00000000ef128000,0x00000000f0680000)
  to   space 22528K, 0% used [0x00000000edb00000,0x00000000edb00000,0x00000000ef100000)
 ParOldGen       total 73728K, used 42159K [0x00000000a0000000, 0x00000000a4800000, 0x00000000e0000000)
  object space 73728K, 57% used [0x00000000a0000000,0x00000000a292bff8,0x00000000a4800000)
 Metaspace       used 56989K, capacity 59048K, committed 59160K, reserved 1099776K
  class space    used 7828K, capacity 8306K, committed 8368K, reserved 1048576K
}
Event: 32.446 GC heap before
{Heap before GC invocations=15 (full 3):
 PSYoungGen      total 246272K, used 160K [0x00000000e0000000, 0x00000000f2800000, 0x0000000100000000)
  eden space 224256K, 0% used [0x00000000e0000000,0x00000000e0000000,0x00000000edb00000)
  from space 22016K, 0% used [0x00000000ef100000,0x00000000ef128000,0x00000000f0680000)
  to   space 22528K, 0% used [0x00000000edb00000,0x00000000edb00000,0x00000000ef100000)
 ParOldGen       total 73728K, used 42159K [0x00000000a0000000, 0x00000000a4800000, 0x00000000e0000000)
  object space 73728K, 57% used [0x00000000a0000000,0x00000000a292bff8,0x00000000a4800000)
 Metaspace       used 56989K, capacity 59048K, committed 59160K, reserved 1099776K
  class space    used 7828K, capacity 8306K, committed 8368K, reserved 1048576K
Event: 32.780 GC heap after
Heap after GC invocations=15 (full 3):
 PSYoungGen      total 246272K, used 0K [0x00000000e0000000, 0x00000000f2800000, 0x0000000100000000)
  eden space 224256K, 0% used [0x00000000e0000000,0x00000000e0000000,0x00000000edb00000)
  from space 22016K, 0% used [0x00000000ef100000,0x00000000ef100000,0x00000000f0680000)
  to   space 22528K, 0% used [0x00000000edb00000,0x00000000edb00000,0x00000000ef100000)
 ParOldGen       total 73728K, used 30649K [0x00000000a0000000, 0x00000000a4800000, 0x00000000e0000000)
  object space 73728K, 41% used [0x00000000a0000000,0x00000000a1dee6d8,0x00000000a4800000)
 Metaspace       used 56980K, capacity 59018K, committed 59160K, reserved 1099776K
  class space    used 7825K, capacity 8301K, committed 8368K, reserved 1048576K
}

Deoptimization events (10 events):
Event: 31.739 Thread 0x000000001a2fa800 Uncommon trap: reason=bimorphic action=maybe_recompile pc=0x0000000003b180c4 method=java.util.regex.Pattern$5.isSatisfiedBy(I)Z @ 16
Event: 31.739 Thread 0x000000001a2fa800 Uncommon trap: reason=bimorphic action=maybe_recompile pc=0x0000000003b180c4 method=java.util.regex.Pattern$5.isSatisfiedBy(I)Z @ 16
Event: 31.739 Thread 0x000000001a2fa800 Uncommon trap: reason=bimorphic action=maybe_recompile pc=0x0000000003b180c4 method=java.util.regex.Pattern$5.isSatisfiedBy(I)Z @ 16
Event: 31.739 Thread 0x000000001a2fa800 Uncommon trap: reason=bimorphic action=maybe_recompile pc=0x0000000003b180c4 method=java.util.regex.Pattern$5.isSatisfiedBy(I)Z @ 16
Event: 32.899 Thread 0x000000001a2fa800 Uncommon trap: reason=unstable_if action=reinterpret pc=0x00000000033c95a8 method=java.util.regex.Pattern$BmpCharProperty.match(Ljava/util/regex/Matcher;ILjava/lang/CharSequence;)Z @ 34
Event: 32.952 Thread 0x000000001a2fa800 Uncommon trap: reason=unstable_if action=reinterpret pc=0x0000000003b8aa64 method=com.sun.org.apache.xerces.internal.impl.XMLEntityScanner.scanLiteral(ILcom/sun/org/apache/xerces/internal/xni/XMLString;Z)I @ 660
Event: 32.976 Thread 0x000000001a2fa800 Uncommon trap: reason=unstable_if action=reinterpret pc=0x00000000038a67c4 method=java.lang.CharacterDataLatin1.digit(II)I @ 31
Event: 33.071 Thread 0x000000001a2fa800 Uncommon trap: reason=unstable_if action=reinterpret pc=0x00000000039a1f20 method=java.lang.CharacterDataLatin1.digit(II)I @ 82
Event: 33.156 Thread 0x000000001a2fa800 Uncommon trap: reason=unstable_if action=reinterpret pc=0x0000000003ad6c98 method=com.google.gson.stream.JsonReader.doPeek()I @ 315
Event: 33.371 Thread 0x000000001a2fa800 Uncommon trap: reason=unstable_if action=reinterpret pc=0x00000000031829b4 method=java.lang.String.lastIndexOf([CII[CIII)I @ 118

Classes redefined (0 events):
No events

Internal exceptions (10 events):
Event: 31.167 Thread 0x000000001a2fa800 Exception <a 'java/lang/ClassNotFoundException': com/google/android/gms/dependencies/DependencyAnalyzerBeanInfo> (0x00000000e77a9590) thrown at [C:\src\AOSP-openjdk-git\hotspot\src\share\vm\classfile\systemDictionary.cpp, line 210]
Event: 31.167 Thread 0x000000001a2fa800 Exception <a 'java/lang/ClassNotFoundException': com/google/android/gms/dependencies/DependencyAnalyzerCustomizer> (0x00000000e77c6840) thrown at [C:\src\AOSP-openjdk-git\hotspot\src\share\vm\classfile\systemDictionary.cpp, line 210]
Event: 31.179 Thread 0x000000001a2fa800 Exception <a 'java/lang/ClassNotFoundException': com/google/android/gms/dependencies/DependencyInspectorBeanInfo> (0x00000000e785e730) thrown at [C:\src\AOSP-openjdk-git\hotspot\src\share\vm\classfile\systemDictionary.cpp, line 210]
Event: 31.179 Thread 0x000000001a2fa800 Exception <a 'java/lang/ClassNotFoundException': com/google/android/gms/dependencies/DependencyInspectorCustomizer> (0x00000000e787ba70) thrown at [C:\src\AOSP-openjdk-git\hotspot\src\share\vm\classfile\systemDictionary.cpp, line 210]
Event: 31.183 Thread 0x000000001a2fa800 Exception <a 'java/lang/ClassNotFoundException': org/gradle/invocation/DefaultGradle_DecoratedBeanInfo> (0x00000000e78fa190) thrown at [C:\src\AOSP-openjdk-git\hotspot\src\share\vm\classfile\systemDictionary.cpp, line 210]
Event: 31.184 Thread 0x000000001a2fa800 Exception <a 'java/lang/ClassNotFoundException': org/gradle/invocation/DefaultGradleBeanInfo> (0x00000000e79115e0) thrown at [C:\src\AOSP-openjdk-git\hotspot\src\share\vm\classfile\systemDictionary.cpp, line 210]
Event: 31.184 Thread 0x000000001a2fa800 Exception <a 'java/lang/ClassNotFoundException': org/gradle/invocation/DefaultGradleCustomizer> (0x00000000e7928e98) thrown at [C:\src\AOSP-openjdk-git\hotspot\src\share\vm\classfile\systemDictionary.cpp, line 210]
Event: 31.186 Thread 0x000000001a2fa800 Exception <a 'java/lang/ClassNotFoundException': org/gradle/invocation/DefaultGradle_DecoratedCustomizer> (0x00000000e798b4d8) thrown at [C:\src\AOSP-openjdk-git\hotspot\src\share\vm\classfile\systemDictionary.cpp, line 210]
Event: 31.875 Thread 0x000000001a2fa800 Exception <a 'java/lang/ClassNotFoundException': com/sun/org/glassfish/hk2/osgiresourcelocator/ServiceLoader> (0x00000000e9022700) thrown at [C:\src\AOSP-openjdk-git\hotspot\src\share\vm\classfile\systemDictionary.cpp, line 210]
Event: 31.983 Thread 0x000000001a2fa800 Exception <a 'java/lang/NullPointerException'> (0x00000000e9489de0) thrown at [C:\src\AOSP-openjdk-git\hotspot\src\share\vm\interpreter\linkResolver.cpp, line 1287]

Events (10 events):
Event: 33.582 loading class org/gradle/api/artifacts/component/ModuleComponentSelector
Event: 33.582 loading class org/gradle/api/artifacts/component/ModuleComponentSelector done
Event: 33.610 loading class org/gradle/internal/component/model/ModuleSource
Event: 33.610 loading class org/gradle/internal/component/model/ModuleSource done
Event: 33.610 loading class org/gradle/internal/component/model/ModuleSource
Event: 33.610 loading class org/gradle/internal/component/model/ModuleSource done
Event: 33.610 loading class org/gradle/internal/component/model/MutableModuleSources
Event: 33.610 loading class org/gradle/internal/component/model/MutableModuleSources done
Event: 33.613 loading class org/gradle/api/internal/artifacts/repositories/resolver/ComponentMetadataDetailsAdapter
Event: 33.613 loading class org/gradle/api/internal/artifacts/repositories/resolver/ComponentMetadataDetailsAdapter done


Dynamic libraries:
0x00007ff7165b0000 - 0x00007ff7165e1000 	C:\Program Files\Android\Android Studio\jre\bin\java.exe
0x00007ff910a20000 - 0x00007ff910c10000 	C:\WINDOWS\SYSTEM32\ntdll.dll
0x00007ff90fce0000 - 0x00007ff90fd92000 	C:\WINDOWS\System32\KERNEL32.DLL
0x00007ff90e820000 - 0x00007ff90eac4000 	C:\WINDOWS\System32\KERNELBASE.dll
0x00007ff90ef40000 - 0x00007ff90efe3000 	C:\WINDOWS\System32\ADVAPI32.dll
0x00007ff9104c0000 - 0x00007ff91055e000 	C:\WINDOWS\System32\msvcrt.dll
0x00007ff910420000 - 0x00007ff9104b7000 	C:\WINDOWS\System32\sechost.dll
0x00007ff90f050000 - 0x00007ff90f170000 	C:\WINDOWS\System32\RPCRT4.dll
0x00007ff9100e0000 - 0x00007ff910274000 	C:\WINDOWS\System32\USER32.dll
0x00007ff90e750000 - 0x00007ff90e771000 	C:\WINDOWS\System32\win32u.dll
0x00007ff90f170000 - 0x00007ff90f196000 	C:\WINDOWS\System32\GDI32.dll
0x00007ff90d9a0000 - 0x00007ff90db36000 	C:\WINDOWS\System32\gdi32full.dll
0x00007ff90de70000 - 0x00007ff90df0e000 	C:\WINDOWS\System32\msvcp_win.dll
0x00007ff90db70000 - 0x00007ff90dc6a000 	C:\WINDOWS\System32\ucrtbase.dll
0x00007ff8ef1d0000 - 0x00007ff8ef454000 	C:\WINDOWS\WinSxS\amd64_microsoft.windows.common-controls_6595b64144ccf1df_6.0.18362.959_none_e6c7bbbf130c62bb\COMCTL32.dll
0x00007ff90fda0000 - 0x00007ff9100d5000 	C:\WINDOWS\System32\combase.dll
0x00007ff90e780000 - 0x00007ff90e800000 	C:\WINDOWS\System32\bcryptPrimitives.dll
0x00007ff90f280000 - 0x00007ff90f2ae000 	C:\WINDOWS\System32\IMM32.DLL
0x0000000054130000 - 0x0000000054202000 	C:\Program Files\Android\Android Studio\jre\jre\bin\msvcr100.dll
0x00000000542f0000 - 0x0000000054b3b000 	C:\Program Files\Android\Android Studio\jre\jre\bin\server\jvm.dll
0x00007ff90fcc0000 - 0x00007ff90fcc8000 	C:\WINDOWS\System32\PSAPI.DLL
0x00007ff8f03f0000 - 0x00007ff8f03f9000 	C:\WINDOWS\SYSTEM32\WSOCK32.dll
0x00007ff90b410000 - 0x00007ff90b434000 	C:\WINDOWS\SYSTEM32\WINMM.dll
0x00007ff9074e0000 - 0x00007ff9074ea000 	C:\WINDOWS\SYSTEM32\VERSION.dll
0x00007ff90f1a0000 - 0x00007ff90f20f000 	C:\WINDOWS\System32\WS2_32.dll
0x00007ff90b3e0000 - 0x00007ff90b40d000 	C:\WINDOWS\SYSTEM32\winmmbase.dll
0x00007ff90df10000 - 0x00007ff90df5a000 	C:\WINDOWS\System32\cfgmgr32.dll
0x00007ff90b480000 - 0x00007ff90b48f000 	C:\Program Files\Android\Android Studio\jre\jre\bin\verify.dll
0x00007ff8f9ae0000 - 0x00007ff8f9b09000 	C:\Program Files\Android\Android Studio\jre\jre\bin\java.dll
0x00007ff904910000 - 0x00007ff904926000 	C:\Program Files\Android\Android Studio\jre\jre\bin\zip.dll
0x00007ff90f2c0000 - 0x00007ff90f9a6000 	C:\WINDOWS\System32\SHELL32.dll
0x00007ff90fa60000 - 0x00007ff90fb09000 	C:\WINDOWS\System32\shcore.dll
0x00007ff90dfc0000 - 0x00007ff90e742000 	C:\WINDOWS\System32\windows.storage.dll
0x00007ff90d950000 - 0x00007ff90d973000 	C:\WINDOWS\System32\profapi.dll
0x00007ff90d8e0000 - 0x00007ff90d92a000 	C:\WINDOWS\System32\powrprof.dll
0x00007ff90d8d0000 - 0x00007ff90d8e0000 	C:\WINDOWS\System32\UMPDC.dll
0x00007ff90eff0000 - 0x00007ff90f042000 	C:\WINDOWS\System32\shlwapi.dll
0x00007ff90d980000 - 0x00007ff90d991000 	C:\WINDOWS\System32\kernel.appcore.dll
0x00007ff90e800000 - 0x00007ff90e817000 	C:\WINDOWS\System32\cryptsp.dll
0x00007ff902da0000 - 0x00007ff902dba000 	C:\Program Files\Android\Android Studio\jre\jre\bin\net.dll
0x00007ff90d0e0000 - 0x00007ff90d147000 	C:\WINDOWS\system32\mswsock.dll
0x00007ff8ec9d0000 - 0x00007ff8ec9e3000 	C:\Program Files\Android\Android Studio\jre\jre\bin\nio.dll
0x00007ff8f6760000 - 0x00007ff8f6786000 	C:\Users\Niyati Patel\.gradle\native\31\windows-amd64\native-platform.dll
0x00007ff909dc0000 - 0x00007ff909dcd000 	C:\Program Files\Android\Android Studio\jre\jre\bin\management.dll
0x00007ff90cc50000 - 0x00007ff90cc83000 	C:\WINDOWS\system32\rsaenh.dll
0x00007ff90db40000 - 0x00007ff90db66000 	C:\WINDOWS\System32\bcrypt.dll
0x00007ff90d7f0000 - 0x00007ff90d815000 	C:\WINDOWS\SYSTEM32\USERENV.dll
0x00007ff90d2b0000 - 0x00007ff90d2bc000 	C:\WINDOWS\SYSTEM32\CRYPTBASE.dll
0x00007ff90cdf0000 - 0x00007ff90ce2a000 	C:\WINDOWS\SYSTEM32\IPHLPAPI.DLL
0x00007ff90f2b0000 - 0x00007ff90f2b8000 	C:\WINDOWS\System32\NSI.dll
0x00007ff9012a0000 - 0x00007ff9012b6000 	C:\WINDOWS\SYSTEM32\dhcpcsvc6.DLL
0x00007ff9013b0000 - 0x00007ff9013cc000 	C:\WINDOWS\SYSTEM32\dhcpcsvc.DLL
0x00007ff90ce30000 - 0x00007ff90cefb000 	C:\WINDOWS\SYSTEM32\DNSAPI.dll

VM Arguments:
jvm_args: -Xmx1536m -Dfile.encoding=windows-1252 -Duser.country=US -Duser.language=en -Duser.variant 
java_command: org.gradle.launcher.daemon.bootstrap.GradleDaemon 6.1.1
java_class_path (initial): C:\Users\Niyati Patel\.gradle\wrapper\dists\gradle-6.1.1-all\cfmwm155h49vnt3hynmlrsdst\gradle-6.1.1\lib\gradle-launcher-6.1.1.jar
Launcher Type: SUN_STANDARD

Environment Variables:
PATH=C:\oraclexe\app\oracle\product\10.2.0\server\bin;C:\Program Files (x86)\Common Files\Oracle\Java\javapath;C:\Program Files (x86)\Java\jre1.8.0_111\bin;C:\Program Files\Java\jdk1.8.0_212\bin;C:\Program Files\Java\jdk-12.0.2\bin;C:\WINDOWS\system32;C:\WINDOWS;C:\WINDOWS\System32\Wbem;C:\WINDOWS\System32\WindowsPowerShell\v1.0\;C:\WINDOWS\System32\OpenSSH\;C:\PHP7;C:\Users\Niyati Patel\AppData\Local\Programs\Python\Python38-32\Scripts\;C:\Users\Niyati Patel\AppData\Local\Programs\Python\Python38-32\;C:\Users\Niyati Patel\AppData\Local\Microsoft\WindowsApps;C:\Users\Niyati Patel\AppData\Local\Programs\Microsoft VS Code\bin;C:\src\flutter_windows_v1.12.13+hotfix.8-stable\flutter\bin;
USERNAME=Niyati Patel
OS=Windows_NT
PROCESSOR_IDENTIFIER=Intel64 Family 6 Model 142 Stepping 10, GenuineIntel



---------------  S Y S T E M  ---------------

OS: Windows 10.0 , 64 bit Build 18362 (10.0.18362.959)

CPU:total 4 (initial active 4) (2 cores per cpu, 2 threads per core) family 6 model 142 stepping 10, cmov, cx8, fxsr, mmx, sse, sse2, sse3, ssse3, sse4.1, sse4.2, popcnt, avx, avx2, aes, clmul, erms, 3dnowpref, lzcnt, ht, tsc, tscinvbit, bmi1, bmi2, adx

Memory: 4k page, physical 8303524k(982676k free), swap 11282108k(22176k free)

vm_info: OpenJDK 64-Bit Server VM (25.242-b01) for windows-amd64 JRE (1.8.0_242-release-1644-b01), built by "builder" with MS VC++ 10.0 (VS2010)

time: Sat Aug 01 21:08:59 2020
timezone: India Standard Time
elapsed time: 34 seconds (0d 0h 0m 34s)

