#
# There is insufficient memory for the Java Runtime Environment to continue.
# Native memory allocation (malloc) failed to allocate 1787056 bytes for Chunk::new
# Possible reasons:
#   The system is out of physical RAM or swap space
#   The process is running with CompressedOops enabled, and the Java Heap may be blocking the growth of the native heap
# Possible solutions:
#   Reduce memory load on the system
#   Increase physical memory or swap space
#   Check if swap backing store is full
#   Decrease Java heap size (-Xmx/-Xms)
#   Decrease number of Java threads
#   Decrease Java thread stack sizes (-Xss)
#   Set larger code cache with -XX:ReservedCodeCacheSize=
#   JVM is running with Unscaled Compressed Oops mode in which the Java heap is
#     placed in the first 4GB address space. The Java Heap base address is the
#     maximum limit for the native heap growth. Please use -XX:HeapBaseMinAddress
#     to set the Java Heap base and to place the Java Heap above 4GB virtual address.
# This output file may be truncated or incomplete.
#
#  Out of Memory Error (allocation.cpp:389), pid=22208, tid=0x00000000000050a4
#
# JRE version: OpenJDK Runtime Environment (8.0_212-b04) (build 1.8.0_212-release-1586-b04)
# Java VM: OpenJDK 64-Bit Server VM (25.212-b04 mixed mode windows-amd64 compressed oops)
# Failed to write core dump. Minidumps are not enabled by default on client versions of Windows
#

---------------  T H R E A D  ---------------

Current thread (0x00000000169cc800):  JavaThread "C2 CompilerThread0" daemon [_thread_in_native, id=20644, stack(0x0000000018040000,0x0000000018140000)]

Stack: [0x0000000018040000,0x0000000018140000]
[error occurred during error reporting (printing stack bounds), id 0xc0000005]

Native frames: (J=compiled Java code, j=interpreted, Vv=VM code, C=native code)


Current CompileTask:
C2:8565108 20976 %     4       com.android.tools.r8.ir.regalloc.LinearScanRegisterAllocator::a @ 2115 (3993 bytes)


---------------  P R O C E S S  ---------------

Java Threads: ( => current thread )
  0x000000001a5d7800 JavaThread "Cache worker for Java compile cache (C:\Users\Niyati Patel\AndroidStudioProjects\TAVERN\.gradle\5.6.4\javaCompile)" [_thread_blocked, id=3340, stack(0x00000000264b0000,0x00000000265b0000)]
  0x000000001a5d0000 JavaThread "Cache worker for Java compile cache (C:\Users\Niyati Patel\.gradle\caches\5.6.4\javaCompile)" [_thread_blocked, id=17092, stack(0x000000001be60000,0x000000001bf60000)]
  0x000000001a5d2000 JavaThread "WorkerExecutor Queue Thread 5" [_thread_blocked, id=14816, stack(0x0000000027ac0000,0x0000000027bc0000)]
  0x000000001a5d9000 JavaThread "WorkerExecutor Queue Thread 4" [_thread_blocked, id=15728, stack(0x0000000027860000,0x0000000027960000)]
  0x000000001a5d5000 JavaThread "WorkerExecutor Queue Thread 3" [_thread_blocked, id=3948, stack(0x0000000027760000,0x0000000027860000)]
  0x000000001a5d6000 JavaThread "WorkerExecutor Queue Thread 2" [_thread_blocked, id=15060, stack(0x0000000027660000,0x0000000027760000)]
  0x000000001a5ce800 JavaThread "stdout" [_thread_in_native, id=18352, stack(0x00000000272b0000,0x00000000273b0000)]
  0x000000001a5cd000 JavaThread "stderr" [_thread_in_native, id=11200, stack(0x00000000271b0000,0x00000000272b0000)]
  0x000000001a5cd800 JavaThread "stdout" [_thread_in_native, id=11060, stack(0x00000000270b0000,0x00000000271b0000)]
  0x000000001a5cc000 JavaThread "stderr" [_thread_in_native, id=14020, stack(0x0000000026fb0000,0x00000000270b0000)]
  0x000000001a5cb800 JavaThread "stdout" [_thread_in_native, id=16164, stack(0x0000000026eb0000,0x0000000026fb0000)]
  0x0000000018d02800 JavaThread "stderr" [_thread_in_native, id=20748, stack(0x0000000026db0000,0x0000000026eb0000)]
  0x000000001a22b800 JavaThread "stdout" [_thread_in_native, id=11760, stack(0x0000000026cb0000,0x0000000026db0000)]
  0x000000001a22d000 JavaThread "stderr" [_thread_in_native, id=21008, stack(0x0000000026bb0000,0x0000000026cb0000)]
  0x000000001a22e800 JavaThread "pool-26-thread-1" [_thread_blocked, id=17272, stack(0x0000000026ab0000,0x0000000026bb0000)]
  0x00000000193c8800 JavaThread "Cache worker for execution history cache (C:\Users\Niyati Patel\AndroidStudioProjects\TAVERN\.gradle\5.6.4\executionHistory)" [_thread_blocked, id=8232, stack(0x00000000265b0000,0x00000000266b0000)]
  0x00000000193c6800 JavaThread "Execution worker for ':' Thread 3" [_thread_blocked, id=13436, stack(0x00000000261b0000,0x00000000262b0000)]
  0x00000000193c4000 JavaThread "Execution worker for ':' Thread 2" [_thread_in_native, id=11416, stack(0x00000000260b0000,0x00000000261b0000)]
  0x00000000193c5000 JavaThread "Execution worker for ':'" [_thread_in_native, id=21036, stack(0x0000000025db0000,0x0000000025eb0000)]
  0x00000000193c2800 JavaThread "Cache worker for file content cache (C:\Users\Niyati Patel\AndroidStudioProjects\TAVERN\.gradle\5.6.4\fileContent)" [_thread_blocked, id=23508, stack(0x0000000024690000,0x0000000024790000)]
  0x00000000193c7000 JavaThread "Cache worker for file content cache (C:\Users\Niyati Patel\.gradle\caches\5.6.4\fileContent)" [_thread_blocked, id=8580, stack(0x0000000023cc0000,0x0000000023dc0000)]
  0x00000000193c5800 JavaThread "Cache worker for Build Output Cleanup Cache (C:\Users\Niyati Patel\AndroidStudioProjects\TAVERN\.gradle\buildOutputCleanup)" [_thread_blocked, id=12316, stack(0x0000000023500000,0x0000000023600000)]
  0x00000000193c3800 JavaThread "pool-11-thread-1" [_thread_blocked, id=22840, stack(0x0000000022b00000,0x0000000022c00000)]
  0x00000000193bb000 JavaThread "Build operations Thread 4" [_thread_blocked, id=12348, stack(0x0000000021210000,0x0000000021310000)]
  0x00000000193c2000 JavaThread "Build operations Thread 3" [_thread_blocked, id=12996, stack(0x0000000021110000,0x0000000021210000)]
  0x00000000193c1000 JavaThread "Build operations Thread 2" [_thread_blocked, id=14632, stack(0x000000001fd90000,0x000000001fe90000)]
  0x00000000193ba800 JavaThread "Build operations" [_thread_blocked, id=21436, stack(0x000000001f590000,0x000000001f690000)]
  0x00000000193c0800 JavaThread "Cache worker for cache directory md-rule (C:\Users\Niyati Patel\.gradle\caches\5.6.4\md-rule)" [_thread_blocked, id=12120, stack(0x000000001dc30000,0x000000001dd30000)]
  0x00000000193bf800 JavaThread "Cache worker for cache directory md-supplier (C:\Users\Niyati Patel\.gradle\caches\5.6.4\md-supplier)" [_thread_blocked, id=17368, stack(0x000000001db30000,0x000000001dc30000)]
  0x00000000193bd800 JavaThread "Cache worker for file hash cache (C:\Users\Niyati Patel\AndroidStudioProjects\TAVERN\.gradle\5.6.4\fileHashes)" [_thread_blocked, id=15612, stack(0x000000001c260000,0x000000001c360000)]
  0x0000000018d05800 JavaThread "Thread-80" [_thread_blocked, id=10404, stack(0x000000001bf60000,0x000000001c060000)]
  0x0000000018d04800 JavaThread "Asynchronous log dispatcher for DefaultDaemonConnection: socket connection from /127.0.0.1:60486 to /127.0.0.1:60792" [_thread_blocked, id=19024, stack(0x000000001bb60000,0x000000001bc60000)]
  0x0000000018d04000 JavaThread "Daemon worker Thread 4" [_thread_in_Java, id=17572, stack(0x000000001ba60000,0x000000001bb60000)]
  0x0000000018cfc800 JavaThread "Cancel handler" [_thread_blocked, id=2728, stack(0x0000000001450000,0x0000000001550000)]
  0x0000000018cf6000 JavaThread "Handler for socket connection from /127.0.0.1:60486 to /127.0.0.1:60792" [_thread_in_native, id=21624, stack(0x0000000001350000,0x0000000001450000)]
  0x0000000018cfb000 JavaThread "Daemon Thread 4" [_thread_blocked, id=13348, stack(0x0000000001250000,0x0000000001350000)]
  0x0000000018cfa000 JavaThread "Memory manager" [_thread_blocked, id=18152, stack(0x0000000023400000,0x0000000023500000)]
  0x0000000018cfb800 JavaThread "Cache worker for execution history cache (C:\Users\Niyati Patel\.gradle\caches\5.6.4\executionHistory)" [_thread_in_native, id=22064, stack(0x000000001f690000,0x000000001f790000)]
  0x000000001a22b000 JavaThread "Cache worker for journal cache (C:\Users\Niyati Patel\.gradle\caches\journal-1)" [_thread_blocked, id=12228, stack(0x000000001c760000,0x000000001c860000)]
  0x000000001a22e000 JavaThread "File lock request listener" [_thread_in_native, id=21216, stack(0x000000001c660000,0x000000001c760000)]
  0x000000001a22a000 JavaThread "Cache worker for file hash cache (C:\Users\Niyati Patel\.gradle\caches\5.6.4\fileHashes)" [_thread_blocked, id=13900, stack(0x000000001c560000,0x000000001c660000)]
  0x000000001a0d2000 JavaThread "Daemon periodic checks" [_thread_blocked, id=13620, stack(0x000000001b960000,0x000000001ba60000)]
  0x000000001866d800 JavaThread "Incoming local TCP Connector on port 60486" [_thread_in_native, id=7196, stack(0x000000001b720000,0x000000001b820000)]
  0x0000000019303000 JavaThread "Daemon health stats" [_thread_blocked, id=9888, stack(0x000000001b0e0000,0x000000001b1e0000)]
  0x000000001836a800 JavaThread "Service Thread" daemon [_thread_blocked, id=12052, stack(0x0000000018740000,0x0000000018840000)]
  0x00000000169d7000 JavaThread "C1 CompilerThread2" daemon [_thread_in_vm, id=22012, stack(0x0000000018240000,0x0000000018340000)]
  0x00000000169d1000 JavaThread "C2 CompilerThread1" daemon [_thread_in_native, id=16004, stack(0x0000000018140000,0x0000000018240000)]
=>0x00000000169cc800 JavaThread "C2 CompilerThread0" daemon [_thread_in_native, id=20644, stack(0x0000000018040000,0x0000000018140000)]
  0x00000000169cb800 JavaThread "Attach Listener" daemon [_thread_blocked, id=17000, stack(0x0000000017f40000,0x0000000018040000)]
  0x00000000169ca000 JavaThread "Signal Dispatcher" daemon [_thread_blocked, id=13160, stack(0x0000000017e40000,0x0000000017f40000)]
  0x000000000305c800 JavaThread "Finalizer" daemon [_thread_blocked, id=2872, stack(0x0000000017c40000,0x0000000017d40000)]
  0x00000000169b9000 JavaThread "Reference Handler" daemon [_thread_blocked, id=1448, stack(0x0000000017b40000,0x0000000017c40000)]
  0x000000000158e800 JavaThread "main" [_thread_blocked, id=13304, stack(0x0000000002e60000,0x0000000002f60000)]

Other Threads:
  0x0000000016996000 VMThread [stack: 0x0000000017a40000,0x0000000017b40000] [id=8952]
  0x000000001836d000 WatcherThread [stack: 0x0000000018840000,0x0000000018940000] [id=4604]

VM state:not at safepoint (normal execution)

VM Mutex/Monitor currently owned by a thread: None

heap address: 0x00000000a0000000, size: 1536 MB, Compressed Oops mode: 32-bit
Narrow klass base: 0x0000000000000000, Narrow klass shift: 3
Compressed class space size: 1073741824 Address: 0x0000000100000000

Heap:
 PSYoungGen      total 187392K, used 25199K [0x00000000e0000000, 0x00000000edf80000, 0x0000000100000000)
  eden space 159744K, 12% used [0x00000000e0000000,0x00000000e12d0a18,0x00000000e9c00000)
  from space 27648K, 21% used [0x00000000e9c00000,0x00000000ea1cb268,0x00000000eb700000)
  to   space 27648K, 0% used [0x00000000ec480000,0x00000000ec480000,0x00000000edf80000)
 ParOldGen       total 186880K, used 62343K [0x00000000a0000000, 0x00000000ab680000, 0x00000000e0000000)
  object space 186880K, 33% used [0x00000000a0000000,0x00000000a3ce1ef8,0x00000000ab680000)
 Metaspace       used 100947K, capacity 105126K, committed 106136K, reserved 1140736K
  class space    used 12879K, capacity 13689K, committed 13992K, reserved 1048576K

Card table byte_map: [0x0000000012420000,0x0000000012730000] byte_map_base: 0x0000000011f20000

Marking Bits: (ParMarkBitMap*) 0x0000000064869f30
 Begin Bits: [0x0000000012d30000, 0x0000000014530000)
 End Bits:   [0x0000000014530000, 0x0000000015d30000)

Polling page: 0x0000000001570000

CodeCache: size=245760Kb used=59587Kb max_used=59587Kb free=186172Kb
 bounds [0x0000000003060000, 0x0000000006ae0000, 0x0000000012060000]
 total_blobs=18375 nmethods=17450 adapters=836
 compilation: enabled

Compilation events (10 events):
Event: 8564.883 Thread 0x00000000169d7000 21434   !   2       com.google.common.util.concurrent.MoreExecutors$DirectExecutorService::execute (25 bytes)
Event: 8564.883 Thread 0x00000000169d7000 nmethod 21434 0x0000000006a9f490 code [0x0000000006a9f620, 0x0000000006a9f838]
Event: 8564.883 Thread 0x00000000169d7000 21435       2       com.google.common.util.concurrent.TrustedListenableFutureTask::run (19 bytes)
Event: 8564.883 Thread 0x00000000169d7000 nmethod 21435 0x0000000006a9f090 code [0x0000000006a9f200, 0x0000000006a9f3c8]
Event: 8564.883 Thread 0x00000000169d7000 21436       2       com.google.common.util.concurrent.FluentFuture$TrustedFuture::isDone (5 bytes)
Event: 8564.884 Thread 0x00000000169d7000 nmethod 21436 0x0000000006a9ed10 code [0x0000000006a9ee60, 0x0000000006a9f010]
Event: 8564.884 Thread 0x00000000169d7000 21437       2       com.google.common.util.concurrent.TrustedListenableFutureTask$TrustedFutureInterruptibleTask::runInterruptibly (10 bytes)
Event: 8564.884 Thread 0x00000000169d7000 nmethod 21437 0x0000000006a9e990 code [0x0000000006a9eb00, 0x0000000006a9ec88]
Event: 8564.891 Thread 0x00000000169d7000 21438       2       com.android.tools.r8.u.b.g1::a (66 bytes)
Event: 8564.892 Thread 0x00000000169d7000 nmethod 21438 0x0000000006a9de10 code [0x0000000006a9e000, 0x0000000006a9e578]

GC Heap History (10 events):
Event: 8537.043 GC heap before
{Heap before GC invocations=25 (full 3):
 PSYoungGen      total 186880K, used 186636K [0x00000000e0000000, 0x00000000ee400000, 0x0000000100000000)
  eden space 166912K, 100% used [0x00000000e0000000,0x00000000ea300000,0x00000000ea300000)
  from space 19968K, 98% used [0x00000000eb480000,0x00000000ec7c3210,0x00000000ec800000)
  to   space 27136K, 0% used [0x00000000ec980000,0x00000000ec980000,0x00000000ee400000)
 ParOldGen       total 118272K, used 68288K [0x00000000a0000000, 0x00000000a7380000, 0x00000000e0000000)
  object space 118272K, 57% used [0x00000000a0000000,0x00000000a42b0278,0x00000000a7380000)
 Metaspace       used 91834K, capacity 96090K, committed 96152K, reserved 1132544K
  class space    used 11798K, capacity 12682K, committed 12712K, reserved 1048576K
Event: 8537.215 GC heap after
Heap after GC invocations=25 (full 3):
 PSYoungGen      total 182784K, used 21031K [0x00000000e0000000, 0x00000000ede80000, 0x0000000100000000)
  eden space 161280K, 0% used [0x00000000e0000000,0x00000000e0000000,0x00000000e9d80000)
  from space 21504K, 97% used [0x00000000ec980000,0x00000000ede09f28,0x00000000ede80000)
  to   space 28672K, 0% used [0x00000000ea680000,0x00000000ea680000,0x00000000ec280000)
 ParOldGen       total 118272K, used 68296K [0x00000000a0000000, 0x00000000a7380000, 0x00000000e0000000)
  object space 118272K, 57% used [0x00000000a0000000,0x00000000a42b2278,0x00000000a7380000)
 Metaspace       used 91834K, capacity 96090K, committed 96152K, reserved 1132544K
  class space    used 11798K, capacity 12682K, committed 12712K, reserved 1048576K
}
Event: 8545.790 GC heap before
{Heap before GC invocations=26 (full 3):
 PSYoungGen      total 182784K, used 92318K [0x00000000e0000000, 0x00000000ede80000, 0x0000000100000000)
  eden space 161280K, 44% used [0x00000000e0000000,0x00000000e459dc08,0x00000000e9d80000)
  from space 21504K, 97% used [0x00000000ec980000,0x00000000ede09f28,0x00000000ede80000)
  to   space 28672K, 0% used [0x00000000ea680000,0x00000000ea680000,0x00000000ec280000)
 ParOldGen       total 118272K, used 68296K [0x00000000a0000000, 0x00000000a7380000, 0x00000000e0000000)
  object space 118272K, 57% used [0x00000000a0000000,0x00000000a42b2278,0x00000000a7380000)
 Metaspace       used 94027K, capacity 98430K, committed 98584K, reserved 1134592K
  class space    used 12064K, capacity 12970K, committed 13096K, reserved 1048576K
Event: 8545.848 GC heap after
Heap after GC invocations=26 (full 3):
 PSYoungGen      total 173056K, used 16563K [0x00000000e0000000, 0x00000000ecf80000, 0x0000000100000000)
  eden space 156160K, 0% used [0x00000000e0000000,0x00000000e0000000,0x00000000e9880000)
  from space 16896K, 98% used [0x00000000ea680000,0x00000000eb6acf80,0x00000000eb700000)
  to   space 25088K, 0% used [0x00000000eb700000,0x00000000eb700000,0x00000000ecf80000)
 ParOldGen       total 118272K, used 68312K [0x00000000a0000000, 0x00000000a7380000, 0x00000000e0000000)
  object space 118272K, 57% used [0x00000000a0000000,0x00000000a42b6278,0x00000000a7380000)
 Metaspace       used 94027K, capacity 98430K, committed 98584K, reserved 1134592K
  class space    used 12064K, capacity 12970K, committed 13096K, reserved 1048576K
}
Event: 8545.848 GC heap before
{Heap before GC invocations=27 (full 4):
 PSYoungGen      total 173056K, used 16563K [0x00000000e0000000, 0x00000000ecf80000, 0x0000000100000000)
  eden space 156160K, 0% used [0x00000000e0000000,0x00000000e0000000,0x00000000e9880000)
  from space 16896K, 98% used [0x00000000ea680000,0x00000000eb6acf80,0x00000000eb700000)
  to   space 25088K, 0% used [0x00000000eb700000,0x00000000eb700000,0x00000000ecf80000)
 ParOldGen       total 118272K, used 68312K [0x00000000a0000000, 0x00000000a7380000, 0x00000000e0000000)
  object space 118272K, 57% used [0x00000000a0000000,0x00000000a42b6278,0x00000000a7380000)
 Metaspace       used 94027K, capacity 98430K, committed 98584K, reserved 1134592K
  class space    used 12064K, capacity 12970K, committed 13096K, reserved 1048576K
Event: 8547.629 GC heap after
Heap after GC invocations=27 (full 4):
 PSYoungGen      total 173056K, used 0K [0x00000000e0000000, 0x00000000ecf80000, 0x0000000100000000)
  eden space 156160K, 0% used [0x00000000e0000000,0x00000000e0000000,0x00000000e9880000)
  from space 16896K, 0% used [0x00000000ea680000,0x00000000ea680000,0x00000000eb700000)
  to   space 25088K, 0% used [0x00000000eb700000,0x00000000eb700000,0x00000000ecf80000)
 ParOldGen       total 186880K, used 62327K [0x00000000a0000000, 0x00000000ab680000, 0x00000000e0000000)
  object space 186880K, 33% used [0x00000000a0000000,0x00000000a3cddef8,0x00000000ab680000)
 Metaspace       used 92676K, capacity 95924K, committed 98584K, reserved 1134592K
  class space    used 11773K, capacity 12452K, committed 13096K, reserved 1048576K
}
Event: 8559.639 GC heap before
{Heap before GC invocations=28 (full 4):
 PSYoungGen      total 173056K, used 156160K [0x00000000e0000000, 0x00000000ecf80000, 0x0000000100000000)
  eden space 156160K, 100% used [0x00000000e0000000,0x00000000e9880000,0x00000000e9880000)
  from space 16896K, 0% used [0x00000000ea680000,0x00000000ea680000,0x00000000eb700000)
  to   space 25088K, 0% used [0x00000000eb700000,0x00000000eb700000,0x00000000ecf80000)
 ParOldGen       total 186880K, used 62327K [0x00000000a0000000, 0x00000000ab680000, 0x00000000e0000000)
  object space 186880K, 33% used [0x00000000a0000000,0x00000000a3cddef8,0x00000000ab680000)
 Metaspace       used 100068K, capacity 104170K, committed 105368K, reserved 1140736K
  class space    used 12851K, capacity 13683K, committed 13992K, reserved 1048576K
Event: 8559.670 GC heap after
Heap after GC invocations=28 (full 4):
 PSYoungGen      total 184832K, used 10467K [0x00000000e0000000, 0x00000000edc80000, 0x0000000100000000)
  eden space 159744K, 0% used [0x00000000e0000000,0x00000000e0000000,0x00000000e9c00000)
  from space 25088K, 41% used [0x00000000eb700000,0x00000000ec138f98,0x00000000ecf80000)
  to   space 27648K, 0% used [0x00000000e9c00000,0x00000000e9c00000,0x00000000eb700000)
 ParOldGen       total 186880K, used 62335K [0x00000000a0000000, 0x00000000ab680000, 0x00000000e0000000)
  object space 186880K, 33% used [0x00000000a0000000,0x00000000a3cdfef8,0x00000000ab680000)
 Metaspace       used 100068K, capacity 104170K, committed 105368K, reserved 1140736K
  class space    used 12851K, capacity 13683K, committed 13992K, reserved 1048576K
}
Event: 8564.645 GC heap before
{Heap before GC invocations=29 (full 4):
 PSYoungGen      total 184832K, used 170211K [0x00000000e0000000, 0x00000000edc80000, 0x0000000100000000)
  eden space 159744K, 100% used [0x00000000e0000000,0x00000000e9c00000,0x00000000e9c00000)
  from space 25088K, 41% used [0x00000000eb700000,0x00000000ec138f98,0x00000000ecf80000)
  to   space 27648K, 0% used [0x00000000e9c00000,0x00000000e9c00000,0x00000000eb700000)
 ParOldGen       total 186880K, used 62335K [0x00000000a0000000, 0x00000000ab680000, 0x00000000e0000000)
  object space 186880K, 33% used [0x00000000a0000000,0x00000000a3cdfef8,0x00000000ab680000)
 Metaspace       used 100921K, capacity 105122K, committed 106136K, reserved 1140736K
  class space    used 12879K, capacity 13689K, committed 13992K, reserved 1048576K
Event: 8564.693 GC heap after
Heap after GC invocations=29 (full 4):
 PSYoungGen      total 187392K, used 5932K [0x00000000e0000000, 0x00000000edf80000, 0x0000000100000000)
  eden space 159744K, 0% used [0x00000000e0000000,0x00000000e0000000,0x00000000e9c00000)
  from space 27648K, 21% used [0x00000000e9c00000,0x00000000ea1cb268,0x00000000eb700000)
  to   space 27648K, 0% used [0x00000000ec480000,0x00000000ec480000,0x00000000edf80000)
 ParOldGen       total 186880K, used 62343K [0x00000000a0000000, 0x00000000ab680000, 0x00000000e0000000)
  object space 186880K, 33% used [0x00000000a0000000,0x00000000a3ce1ef8,0x00000000ab680000)
 Metaspace       used 100921K, capacity 105122K, committed 106136K, reserved 1140736K
  class space    used 12879K, capacity 13689K, committed 13992K, reserved 1048576K
}

Deoptimization events (10 events):
Event: 8561.958 Thread 0x0000000018d04000 Uncommon trap: reason=unstable_if action=reinterpret pc=0x0000000006747f50 method=com.android.tools.r8.ir.regalloc.a.compareTo(Ljava/lang/Object;)I @ 52
Event: 8562.377 Thread 0x0000000018d04000 Uncommon trap: reason=unstable_if action=reinterpret pc=0x00000000045248b8 method=com.android.tools.r8.ir.regalloc.a.c(I)Lcom/android/tools/r8/ir/regalloc/a; @ 132
Event: 8562.465 Thread 0x00000000193c4000 Uncommon trap: reason=unstable_if action=reinterpret pc=0x00000000068ffe0c method=com.android.tools.r8.u.c.M.a(ILcom/android/tools/r8/u/b/j1;Lcom/android/tools/r8/u/b/l;Lcom/android/tools/r8/u/b/l$c;Lcom/android/tools/r8/u/b/M0$a;)Lcom/android/tools/r8/u/
Event: 8562.568 Thread 0x00000000193c4000 Uncommon trap: reason=unstable_if action=reinterpret pc=0x00000000068aef1c method=com.android.tools.r8.u.a.h.e.b(Lcom/android/tools/r8/u/b/d0;)V @ 11
Event: 8563.964 Thread 0x00000000193c6800 Uncommon trap: reason=unstable_if action=reinterpret pc=0x0000000006875ac4 method=com.android.tools.r8.u.b.M0.a(Lcom/android/tools/r8/u/c/M;)V @ 111
Event: 8564.065 Thread 0x00000000193c6800 Uncommon trap: reason=unstable_if action=reinterpret pc=0x000000000674f030 method=com.android.tools.r8.u.c.o.a(Lcom/android/tools/r8/u/c/M;IZ)V @ 605
Event: 8564.065 Thread 0x00000000193c6800 Uncommon trap: reason=class_check action=maybe_recompile pc=0x000000000697fed8 method=com.android.tools.r8.v.a.a.a.f.i.putAll(Ljava/util/Map;)V @ 3
Event: 8564.192 Thread 0x00000000193c6800 Uncommon trap: reason=unstable_if action=reinterpret pc=0x00000000060ec6e8 method=com.android.tools.r8.ir.regalloc.LinearScanRegisterAllocator.a(Lcom/android/tools/r8/u/b/d0;Lcom/android/tools/r8/ir/regalloc/LinearScanRegisterAllocator$b;)Z @ 75
Event: 8564.386 Thread 0x0000000018d04000 Uncommon trap: reason=unstable_if action=reinterpret pc=0x00000000069e01f0 method=com.android.tools.r8.u.b.g1.s()Lcom/android/tools/r8/u/b/g1; @ 6
Event: 8564.422 Thread 0x00000000193c6800 Uncommon trap: reason=unstable_if action=reinterpret pc=0x0000000003c9f768 method=java.util.Arrays.equals([Ljava/lang/Object;[Ljava/lang/Object;)Z @ 47

Classes redefined (0 events):
No events

Internal exceptions (10 events):
Event: 8562.076 Thread 0x00000000193c5000 Exception <a 'sun/nio/fs/WindowsException'> (0x00000000e44f6a70) thrown at [D:\src\AOSP-openjdk-cygwin\jdk8u\hotspot\src\share\vm\prims\jni.cpp, line 710]
Event: 8562.442 Thread 0x00000000193c4000 Exception <a 'sun/nio/fs/WindowsException'> (0x00000000e4990260) thrown at [D:\src\AOSP-openjdk-cygwin\jdk8u\hotspot\src\share\vm\prims\jni.cpp, line 710]
Event: 8562.757 Thread 0x00000000193c4000 Exception <a 'sun/nio/fs/WindowsException'> (0x00000000e571f8f0) thrown at [D:\src\AOSP-openjdk-cygwin\jdk8u\hotspot\src\share\vm\prims\jni.cpp, line 710]
Event: 8562.764 Thread 0x00000000193c5000 Exception <a 'sun/nio/fs/WindowsException'> (0x00000000e5aa1d20) thrown at [D:\src\AOSP-openjdk-cygwin\jdk8u\hotspot\src\share\vm\prims\jni.cpp, line 710]
Event: 8562.846 Thread 0x00000000193c6800 Exception <a 'sun/nio/fs/WindowsException'> (0x00000000e491a0c8) thrown at [D:\src\AOSP-openjdk-cygwin\jdk8u\hotspot\src\share\vm\prims\jni.cpp, line 710]
Event: 8563.834 Thread 0x00000000193c5000 Exception <a 'sun/nio/fs/WindowsException'> (0x00000000e6bb1fe8) thrown at [D:\src\AOSP-openjdk-cygwin\jdk8u\hotspot\src\share\vm\prims\jni.cpp, line 710]
Event: 8563.949 Thread 0x00000000193c6800 Exception <a 'sun/nio/fs/WindowsException'> (0x00000000e71f0068) thrown at [D:\src\AOSP-openjdk-cygwin\jdk8u\hotspot\src\share\vm\prims\jni.cpp, line 710]
Event: 8564.045 Thread 0x00000000193c4000 Exception <a 'sun/nio/fs/WindowsException'> (0x00000000e66267a8) thrown at [D:\src\AOSP-openjdk-cygwin\jdk8u\hotspot\src\share\vm\prims\jni.cpp, line 710]
Event: 8564.428 Thread 0x00000000193c6800 Exception <a 'sun/nio/fs/WindowsException'> (0x00000000e96f6650) thrown at [D:\src\AOSP-openjdk-cygwin\jdk8u\hotspot\src\share\vm\prims\jni.cpp, line 710]
Event: 8564.468 Thread 0x00000000193c5000 Exception <a 'sun/nio/fs/WindowsException'> (0x00000000e97a6d28) thrown at [D:\src\AOSP-openjdk-cygwin\jdk8u\hotspot\src\share\vm\prims\jni.cpp, line 710]

Events (10 events):
Event: 8564.386 Thread 0x0000000018d04000 Uncommon trap: trap_request=0xffffff65 fr.pc=0x00000000069e01f0
Event: 8564.386 Thread 0x0000000018d04000 DEOPT PACKING pc=0x00000000069e01f0 sp=0x000000001bb57fc0
Event: 8564.386 Thread 0x0000000018d04000 DEOPT UNPACKING pc=0x00000000030a557b sp=0x000000001bb58000 mode 2
Event: 8564.386 loading class com/android/tools/r8/code/N3
Event: 8564.386 loading class com/android/tools/r8/code/N3 done
Event: 8564.422 Thread 0x00000000193c6800 Uncommon trap: trap_request=0xffffff65 fr.pc=0x0000000003c9f768
Event: 8564.422 Thread 0x00000000193c6800 DEOPT PACKING pc=0x0000000003c9f768 sp=0x00000000262ab1d0
Event: 8564.422 Thread 0x00000000193c6800 DEOPT UNPACKING pc=0x00000000030a557b sp=0x00000000262ab158 mode 2
Event: 8564.644 Executing VM operation: ParallelGCFailedAllocation
Event: 8564.693 Executing VM operation: ParallelGCFailedAllocation done


Dynamic libraries:
0x00007ff60e760000 - 0x00007ff60e791000 	C:\Program Files\Android\Android Studio\jre\bin\java.exe
0x00007ffe76ea0000 - 0x00007ffe77090000 	C:\WINDOWS\SYSTEM32\ntdll.dll
0x00007ffe75d10000 - 0x00007ffe75dc2000 	C:\WINDOWS\System32\KERNEL32.DLL
0x00007ffe74bb0000 - 0x00007ffe74e53000 	C:\WINDOWS\System32\KERNELBASE.dll
0x00007ffe756c0000 - 0x00007ffe75763000 	C:\WINDOWS\System32\ADVAPI32.dll
0x00007ffe76370000 - 0x00007ffe7640e000 	C:\WINDOWS\System32\msvcrt.dll
0x00007ffe759a0000 - 0x00007ffe75a37000 	C:\WINDOWS\System32\sechost.dll
0x00007ffe75770000 - 0x00007ffe75890000 	C:\WINDOWS\System32\RPCRT4.dll
0x00007ffe74f50000 - 0x00007ffe750e4000 	C:\WINDOWS\System32\USER32.dll
0x00007ffe74b80000 - 0x00007ffe74ba1000 	C:\WINDOWS\System32\win32u.dll
0x00007ffe75890000 - 0x00007ffe758b6000 	C:\WINDOWS\System32\GDI32.dll
0x00007ffe73f30000 - 0x00007ffe740c4000 	C:\WINDOWS\System32\gdi32full.dll
0x00007ffe74360000 - 0x00007ffe743fe000 	C:\WINDOWS\System32\msvcp_win.dll
0x00007ffe73e30000 - 0x00007ffe73f2a000 	C:\WINDOWS\System32\ucrtbase.dll
0x00007ffe61ef0000 - 0x00007ffe62175000 	C:\WINDOWS\WinSxS\amd64_microsoft.windows.common-controls_6595b64144ccf1df_6.0.18362.720_none_e6beb5c51314836b\COMCTL32.dll
0x00007ffe752a0000 - 0x00007ffe755d6000 	C:\WINDOWS\System32\combase.dll
0x00007ffe74ed0000 - 0x00007ffe74f50000 	C:\WINDOWS\System32\bcryptPrimitives.dll
0x00007ffe75a40000 - 0x00007ffe75a6e000 	C:\WINDOWS\System32\IMM32.DLL
0x0000000064d30000 - 0x0000000064e02000 	C:\Program Files\Android\Android Studio\jre\jre\bin\msvcr100.dll
0x00000000640a0000 - 0x00000000648e6000 	C:\Program Files\Android\Android Studio\jre\jre\bin\server\jvm.dll
0x00007ffe75e40000 - 0x00007ffe75e48000 	C:\WINDOWS\System32\PSAPI.DLL
0x00007ffe6fdf0000 - 0x00007ffe6fe14000 	C:\WINDOWS\SYSTEM32\WINMM.dll
0x00007ffe71cb0000 - 0x00007ffe71cba000 	C:\WINDOWS\SYSTEM32\VERSION.dll
0x00007ffe62230000 - 0x00007ffe62239000 	C:\WINDOWS\SYSTEM32\WSOCK32.dll
0x00007ffe76430000 - 0x00007ffe7649f000 	C:\WINDOWS\System32\WS2_32.dll
0x00007ffe6fdc0000 - 0x00007ffe6fded000 	C:\WINDOWS\SYSTEM32\winmmbase.dll
0x00007ffe74e80000 - 0x00007ffe74eca000 	C:\WINDOWS\System32\cfgmgr32.dll
0x00007ffe71cd0000 - 0x00007ffe71cdf000 	C:\Program Files\Android\Android Studio\jre\jre\bin\verify.dll
0x00007ffe6df10000 - 0x00007ffe6df39000 	C:\Program Files\Android\Android Studio\jre\jre\bin\java.dll
0x00007ffe6def0000 - 0x00007ffe6df06000 	C:\Program Files\Android\Android Studio\jre\jre\bin\zip.dll
0x00007ffe765c0000 - 0x00007ffe76ca5000 	C:\WINDOWS\System32\SHELL32.dll
0x00007ffe75e50000 - 0x00007ffe75ef9000 	C:\WINDOWS\System32\shcore.dll
0x00007ffe74400000 - 0x00007ffe74b80000 	C:\WINDOWS\System32\windows.storage.dll
0x00007ffe73e00000 - 0x00007ffe73e23000 	C:\WINDOWS\System32\profapi.dll
0x00007ffe73db0000 - 0x00007ffe73dfa000 	C:\WINDOWS\System32\powrprof.dll
0x00007ffe73d60000 - 0x00007ffe73d70000 	C:\WINDOWS\System32\UMPDC.dll
0x00007ffe76e00000 - 0x00007ffe76e52000 	C:\WINDOWS\System32\shlwapi.dll
0x00007ffe73d90000 - 0x00007ffe73da1000 	C:\WINDOWS\System32\kernel.appcore.dll
0x00007ffe74e60000 - 0x00007ffe74e77000 	C:\WINDOWS\System32\cryptsp.dll
0x00007ffe6ded0000 - 0x00007ffe6deea000 	C:\Program Files\Android\Android Studio\jre\jre\bin\net.dll
0x00007ffe631e0000 - 0x00007ffe633b5000 	C:\WINDOWS\SYSTEM32\urlmon.dll
0x00007ffe65b00000 - 0x00007ffe65da6000 	C:\WINDOWS\SYSTEM32\iertutil.dll
0x00007ffe737a0000 - 0x00007ffe737ac000 	C:\WINDOWS\SYSTEM32\CRYPTBASE.DLL
0x00007ffe735d0000 - 0x00007ffe73637000 	C:\WINDOWS\system32\mswsock.dll
0x00007ffe6deb0000 - 0x00007ffe6dec3000 	C:\Program Files\Android\Android Studio\jre\jre\bin\nio.dll
0x00007ffe56930000 - 0x00007ffe56956000 	C:\Users\Niyati Patel\.gradle\native\30\windows-amd64\native-platform.dll
0x00007ffe6fe80000 - 0x00007ffe6fe8d000 	C:\Program Files\Android\Android Studio\jre\jre\bin\management.dll
0x00007ffe73140000 - 0x00007ffe73173000 	C:\WINDOWS\system32\rsaenh.dll
0x00007ffe74220000 - 0x00007ffe74246000 	C:\WINDOWS\System32\bcrypt.dll
0x00007ffe73c80000 - 0x00007ffe73ca5000 	C:\WINDOWS\SYSTEM32\USERENV.dll
0x00007ffe732e0000 - 0x00007ffe7331a000 	C:\WINDOWS\SYSTEM32\IPHLPAPI.DLL
0x00007ffe756b0000 - 0x00007ffe756b8000 	C:\WINDOWS\System32\NSI.dll
0x00007ffe67f50000 - 0x00007ffe67f66000 	C:\WINDOWS\SYSTEM32\dhcpcsvc6.DLL
0x00007ffe67f30000 - 0x00007ffe67f4c000 	C:\WINDOWS\SYSTEM32\dhcpcsvc.DLL
0x00007ffe73320000 - 0x00007ffe733ea000 	C:\WINDOWS\SYSTEM32\DNSAPI.dll
0x00007ffe571e0000 - 0x00007ffe57204000 	C:\Program Files\Android\Android Studio\jre\jre\bin\sunec.dll
0x00007ffe66c30000 - 0x00007ffe66c3a000 	C:\Windows\System32\rasadhlp.dll
0x00007ffe67800000 - 0x00007ffe67877000 	C:\WINDOWS\System32\fwpuclnt.dll
0x00007ffe6e960000 - 0x00007ffe6e96b000 	C:\Program Files\Android\Android Studio\jre\jre\bin\sunmscapi.dll
0x00007ffe740d0000 - 0x00007ffe74219000 	C:\WINDOWS\System32\CRYPT32.dll
0x00007ffe73d70000 - 0x00007ffe73d82000 	C:\WINDOWS\System32\MSASN1.dll
0x00007ffe72dc0000 - 0x00007ffe72df1000 	C:\WINDOWS\SYSTEM32\ntmarta.dll
0x00007ffe712e0000 - 0x00007ffe7136f000 	C:\WINDOWS\system32\apphelp.dll

VM Arguments:
jvm_args: -Xmx1536m -Dfile.encoding=windows-1252 -Duser.country=US -Duser.language=en -Duser.variant 
java_command: org.gradle.launcher.daemon.bootstrap.GradleDaemon 5.6.4
java_class_path (initial): C:\Users\Niyati Patel\.gradle\wrapper\dists\gradle-5.6.4-all\ankdp27end7byghfw1q2sw75f\gradle-5.6.4\lib\gradle-launcher-5.6.4.jar
Launcher Type: SUN_STANDARD

Environment Variables:
PATH=C:\oraclexe\app\oracle\product\10.2.0\server\bin;C:\Program Files (x86)\Common Files\Oracle\Java\javapath;C:\Program Files (x86)\Java\jre1.8.0_111\bin;C:\Program Files\Java\jdk1.8.0_212\bin;C:\Program Files\Java\jdk-12.0.2\bin;;C:\WINDOWS\system32;C:\WINDOWS;C:\WINDOWS\System32\Wbem;C:\WINDOWS\System32\WindowsPowerShell\v1.0\;C:\WINDOWS\System32\OpenSSH\;C:\Users\Niyati Patel\AppData\Local\Programs\Python\Python38-32\Scripts\;C:\Users\Niyati Patel\AppData\Local\Programs\Python\Python38-32\;C:\Users\Niyati Patel\AppData\Local\Microsoft\WindowsApps;C:\Users\Niyati Patel\AppData\Local\Programs\Microsoft VS Code\bin;C:\src\flutter_windows_v1.12.13+hotfix.8-stable\flutter\bin;
USERNAME=Niyati Patel
OS=Windows_NT
PROCESSOR_IDENTIFIER=Intel64 Family 6 Model 142 Stepping 10, GenuineIntel



---------------  S Y S T E M  ---------------

OS: Windows 10.0 , 64 bit Build 18362 (10.0.18362.329)

CPU:total 4 (initial active 4) (2 cores per cpu, 2 threads per core) family 6 model 142 stepping 10, cmov, cx8, fxsr, mmx, sse, sse2, sse3, ssse3, sse4.1, sse4.2, popcnt, avx, avx2, aes, clmul, erms, 3dnowpref, lzcnt, ht, tsc, tscinvbit, bmi1, bmi2, adx

Memory: 4k page, physical 8303524k(836248k free), swap 11282332k(360k free)

vm_info: OpenJDK 64-Bit Server VM (25.212-b04) for windows-amd64 JRE (1.8.0_212-release-1586-b04), built by "builder" with MS VC++ 10.0 (VS2010)

time: Sun Apr 19 22:56:02 2020
timezone: India Standard Time
elapsed time: 8565 seconds (0d 2h 22m 45s)

