#
# There is insufficient memory for the Java Runtime Environment to continue.
# Native memory allocation (malloc) failed to allocate 32744 bytes for ChunkPool::allocate
# Possible reasons:
#   The system is out of physical RAM or swap space
#   The process is running with CompressedOops enabled, and the Java Heap may be blocking the growth of the native heap
# Possible solutions:
#   Reduce memory load on the system
#   Increase physical memory or swap space
#   Check if swap backing store is full
#   Decrease Java heap size (-Xmx/-Xms)
#   Decrease number of Java threads
#   Decrease Java thread stack sizes (-Xss)
#   Set larger code cache with -XX:ReservedCodeCacheSize=
#   JVM is running with Unscaled Compressed Oops mode in which the Java heap is
#     placed in the first 4GB address space. The Java Heap base address is the
#     maximum limit for the native heap growth. Please use -XX:HeapBaseMinAddress
#     to set the Java Heap base and to place the Java Heap above 4GB virtual address.
# This output file may be truncated or incomplete.
#
#  Out of Memory Error (allocation.cpp:272), pid=18544, tid=0x0000000000006f0c
#
# JRE version: OpenJDK Runtime Environment (8.0_242-b01) (build 1.8.0_242-release-1644-b01)
# Java VM: OpenJDK 64-Bit Server VM (25.242-b01 mixed mode windows-amd64 compressed oops)
# Failed to write core dump. Minidumps are not enabled by default on client versions of Windows
#

---------------  T H R E A D  ---------------

Current thread (0x0000000016074000):  JavaThread "C2 CompilerThread0" daemon [_thread_in_native, id=28428, stack(0x00000000176c0000,0x00000000177c0000)]

Stack: [0x00000000176c0000,0x00000000177c0000]
[error occurred during error reporting (printing stack bounds), id 0xc0000005]

Native frames: (J=compiled Java code, j=interpreted, Vv=VM code, C=native code)


Current CompileTask:
C2:  16292 5103       4       com.sun.beans.TypeResolver::resolve (37 bytes)


---------------  P R O C E S S  ---------------

Java Threads: ( => current thread )
  0x000000001c26c800 JavaThread "pool-1-thread-1" [_thread_in_native, id=22788, stack(0x0000000022290000,0x0000000022390000)]
  0x000000001c264000 JavaThread "Build operations Thread 4" [_thread_blocked, id=16536, stack(0x0000000021b90000,0x0000000021c90000)]
  0x000000001c26b000 JavaThread "Build operations Thread 3" [_thread_blocked, id=16484, stack(0x0000000020a40000,0x0000000020b40000)]
  0x000000001c265000 JavaThread "Build operations Thread 2" [_thread_blocked, id=11624, stack(0x0000000020940000,0x0000000020a40000)]
  0x000000001c268800 JavaThread "Build operations" [_thread_blocked, id=7392, stack(0x000000001f950000,0x000000001fa50000)]
  0x000000001608c800 JavaThread "Cache worker for execution history cache (C:\Users\Niyati Patel\.gradle\caches\6.1.1\executionHistory)" [_thread_blocked, id=17980, stack(0x000000001f6b0000,0x000000001f7b0000)]
  0x000000001608e800 JavaThread "Cache worker for file hash cache (C:\Users\Niyati Patel\AndroidStudioProjects\TAVERN\.gradle\6.1.1\fileHashes)" [_thread_blocked, id=23356, stack(0x000000001e320000,0x000000001e420000)]
  0x0000000016088800 JavaThread "Cache worker for file hash cache (C:\Users\Niyati Patel\.gradle\caches\6.1.1\fileHashes)" [_thread_blocked, id=22216, stack(0x000000001bde0000,0x000000001bee0000)]
  0x0000000016088000 JavaThread "File lock request listener" [_thread_in_native, id=25984, stack(0x000000001bce0000,0x000000001bde0000)]
  0x0000000019090000 JavaThread "Cache worker for journal cache (C:\Users\Niyati Patel\.gradle\caches\journal-1)" [_thread_blocked, id=12256, stack(0x000000001bbe0000,0x000000001bce0000)]
  0x0000000018770800 JavaThread "Thread-9" [_thread_blocked, id=6288, stack(0x000000001b8e0000,0x000000001b9e0000)]
  0x000000001876e000 JavaThread "Stdin handler" [_thread_blocked, id=3368, stack(0x000000001b7e0000,0x000000001b8e0000)]
  0x00000000181a4000 JavaThread "Asynchronous log dispatcher for DefaultDaemonConnection: socket connection from /127.0.0.1:58789 to /127.0.0.1:58790" [_thread_blocked, id=672, stack(0x000000001b6e0000,0x000000001b7e0000)]
  0x0000000019345800 JavaThread "Daemon worker" [_thread_in_native, id=19400, stack(0x000000001b5e0000,0x000000001b6e0000)]
  0x0000000017d9f000 JavaThread "Cancel handler" [_thread_blocked, id=2792, stack(0x000000001b4e0000,0x000000001b5e0000)]
  0x00000000195f7800 JavaThread "Handler for socket connection from /127.0.0.1:58789 to /127.0.0.1:58790" [_thread_in_native, id=13200, stack(0x000000001b1e0000,0x000000001b2e0000)]
  0x00000000193aa000 JavaThread "Daemon" [_thread_blocked, id=3440, stack(0x000000001b0e0000,0x000000001b1e0000)]
  0x000000001979b000 JavaThread "Daemon periodic checks" [_thread_blocked, id=29076, stack(0x000000001afe0000,0x000000001b0e0000)]
  0x0000000019799800 JavaThread "Incoming local TCP Connector on port 58789" [_thread_in_native, id=13692, stack(0x000000001ada0000,0x000000001aea0000)]
  0x0000000019a39000 JavaThread "Daemon health stats" [_thread_blocked, id=22420, stack(0x000000001a760000,0x000000001a860000)]
  0x00000000179fa800 JavaThread "Service Thread" daemon [_thread_blocked, id=14520, stack(0x0000000017dc0000,0x0000000017ec0000)]
  0x000000001608d000 JavaThread "C1 CompilerThread2" daemon [_thread_blocked, id=14452, stack(0x00000000178c0000,0x00000000179c0000)]
  0x000000001607a800 JavaThread "C2 CompilerThread1" daemon [_thread_in_native, id=26276, stack(0x00000000177c0000,0x00000000178c0000)]
=>0x0000000016074000 JavaThread "C2 CompilerThread0" daemon [_thread_in_native, id=28428, stack(0x00000000176c0000,0x00000000177c0000)]
  0x0000000016072000 JavaThread "Attach Listener" daemon [_thread_blocked, id=14576, stack(0x00000000175c0000,0x00000000176c0000)]
  0x0000000016071000 JavaThread "Signal Dispatcher" daemon [_thread_blocked, id=29328, stack(0x00000000174c0000,0x00000000175c0000)]
  0x00000000026fb000 JavaThread "Finalizer" daemon [_thread_blocked, id=21896, stack(0x00000000172c0000,0x00000000173c0000)]
  0x0000000016059000 JavaThread "Reference Handler" daemon [_thread_blocked, id=28452, stack(0x00000000171c0000,0x00000000172c0000)]
  0x00000000025de800 JavaThread "main" [_thread_blocked, id=4396, stack(0x0000000002440000,0x0000000002540000)]

Other Threads:
  0x0000000016036000 VMThread [stack: 0x00000000170c0000,0x00000000171c0000] [id=17576]
  0x00000000160ce800 WatcherThread [stack: 0x0000000017ec0000,0x0000000017fc0000] [id=21132]

VM state:not at safepoint (normal execution)

VM Mutex/Monitor currently owned by a thread: None

heap address: 0x00000000a0000000, size: 1536 MB, Compressed Oops mode: 32-bit
Narrow klass base: 0x0000000000000000, Narrow klass shift: 3
Compressed class space size: 1073741824 Address: 0x0000000100000000

Heap:
 PSYoungGen      total 188928K, used 133116K [0x00000000e0000000, 0x00000000ecf00000, 0x0000000100000000)
  eden space 175616K, 68% used [0x00000000e0000000,0x00000000e7523470,0x00000000eab80000)
  from space 13312K, 98% used [0x00000000ec200000,0x00000000ecedbe20,0x00000000ecf00000)
  to   space 14848K, 0% used [0x00000000eb200000,0x00000000eb200000,0x00000000ec080000)
 ParOldGen       total 72704K, used 19702K [0x00000000a0000000, 0x00000000a4700000, 0x00000000e0000000)
  object space 72704K, 27% used [0x00000000a0000000,0x00000000a133da40,0x00000000a4700000)
 Metaspace       used 54131K, capacity 55996K, committed 56360K, reserved 1097728K
  class space    used 7156K, capacity 7602K, committed 7728K, reserved 1048576K

Card table byte_map: [0x0000000011ac0000,0x0000000011dd0000] byte_map_base: 0x00000000115c0000

Marking Bits: (ParMarkBitMap*) 0x0000000054abf030
 Begin Bits: [0x00000000123d0000, 0x0000000013bd0000)
 End Bits:   [0x0000000013bd0000, 0x00000000153d0000)

Polling page: 0x00000000003e0000

CodeCache: size=245760Kb used=16430Kb max_used=16455Kb free=229329Kb
 bounds [0x0000000002700000, 0x0000000003720000, 0x0000000011700000]
 total_blobs=5617 nmethods=4826 adapters=704
 compilation: enabled

Compilation events (10 events):
Event: 16.241 Thread 0x000000001608d000 5214       3       java.lang.invoke.Invokers::checkCustomized (20 bytes)
Event: 16.241 Thread 0x000000001608d000 nmethod 5214 0x0000000002985890 code [0x0000000002985a00, 0x0000000002985ca8]
Event: 16.242 Thread 0x000000001608d000 5215       1       java.lang.invoke.MethodHandleImpl$IntrinsicMethodHandle::getTarget (5 bytes)
Event: 16.242 Thread 0x000000001608d000 nmethod 5215 0x000000000281f410 code [0x000000000281f560, 0x000000000281f670]
Event: 16.243 Thread 0x000000001608d000 5216       3       jdk.internal.org.objectweb.asm.ClassWriter::visitEnd (1 bytes)
Event: 16.243 Thread 0x000000001608d000 nmethod 5216 0x0000000002bf3b50 code [0x0000000002bf3ca0, 0x0000000002bf3df0]
Event: 16.244 Thread 0x000000001608d000 5217       3       java.lang.invoke.MethodHandles$Lookup::getDirectMethodNoSecurityManager (12 bytes)
Event: 16.244 Thread 0x000000001608d000 nmethod 5217 0x0000000002dd2290 code [0x0000000002dd2400, 0x0000000002dd25a8]
Event: 16.245 Thread 0x000000001608d000 5218       3       java.lang.invoke.Invokers::checkGenericType (16 bytes)
Event: 16.245 Thread 0x000000001608d000 nmethod 5218 0x0000000002bf31d0 code [0x0000000002bf3360, 0x0000000002bf3968]

GC Heap History (10 events):
Event: 6.862 GC heap before
{Heap before GC invocations=8 (full 1):
 PSYoungGen      total 76800K, used 4778K [0x00000000e0000000, 0x00000000e9500000, 0x0000000100000000)
  eden space 65536K, 0% used [0x00000000e0000000,0x00000000e0000000,0x00000000e4000000)
  from space 11264K, 42% used [0x00000000e4000000,0x00000000e44aaa90,0x00000000e4b00000)
  to   space 10752K, 0% used [0x00000000e8a80000,0x00000000e8a80000,0x00000000e9500000)
 ParOldGen       total 87552K, used 8693K [0x00000000a0000000, 0x00000000a5580000, 0x00000000e0000000)
  object space 87552K, 9% used [0x00000000a0000000,0x00000000a087d628,0x00000000a5580000)
 Metaspace       used 20537K, capacity 21218K, committed 21296K, reserved 1067008K
  class space    used 2882K, capacity 3093K, committed 3120K, reserved 1048576K
Event: 6.916 GC heap after
Heap after GC invocations=8 (full 1):
 PSYoungGen      total 76800K, used 0K [0x00000000e0000000, 0x00000000e9500000, 0x0000000100000000)
  eden space 65536K, 0% used [0x00000000e0000000,0x00000000e0000000,0x00000000e4000000)
  from space 11264K, 0% used [0x00000000e4000000,0x00000000e4000000,0x00000000e4b00000)
  to   space 10752K, 0% used [0x00000000e8a80000,0x00000000e8a80000,0x00000000e9500000)
 ParOldGen       total 48640K, used 7539K [0x00000000a0000000, 0x00000000a2f80000, 0x00000000e0000000)
  object space 48640K, 15% used [0x00000000a0000000,0x00000000a075cf58,0x00000000a2f80000)
 Metaspace       used 20537K, capacity 21218K, committed 21296K, reserved 1067008K
  class space    used 2882K, capacity 3093K, committed 3120K, reserved 1048576K
}
Event: 8.066 GC heap before
{Heap before GC invocations=9 (full 1):
 PSYoungGen      total 76800K, used 65536K [0x00000000e0000000, 0x00000000e9500000, 0x0000000100000000)
  eden space 65536K, 100% used [0x00000000e0000000,0x00000000e4000000,0x00000000e4000000)
  from space 11264K, 0% used [0x00000000e4000000,0x00000000e4000000,0x00000000e4b00000)
  to   space 10752K, 0% used [0x00000000e8a80000,0x00000000e8a80000,0x00000000e9500000)
 ParOldGen       total 48640K, used 7539K [0x00000000a0000000, 0x00000000a2f80000, 0x00000000e0000000)
  object space 48640K, 15% used [0x00000000a0000000,0x00000000a075cf58,0x00000000a2f80000)
 Metaspace       used 28023K, capacity 28804K, committed 28976K, reserved 1075200K
  class space    used 3868K, capacity 4103K, committed 4144K, reserved 1048576K
Event: 8.077 GC heap after
Heap after GC invocations=9 (full 1):
 PSYoungGen      total 131072K, used 7868K [0x00000000e0000000, 0x00000000e9280000, 0x0000000100000000)
  eden space 122880K, 0% used [0x00000000e0000000,0x00000000e0000000,0x00000000e7800000)
  from space 8192K, 96% used [0x00000000e8a80000,0x00000000e922f1a0,0x00000000e9280000)
  to   space 11264K, 0% used [0x00000000e7c80000,0x00000000e7c80000,0x00000000e8780000)
 ParOldGen       total 48640K, used 7547K [0x00000000a0000000, 0x00000000a2f80000, 0x00000000e0000000)
  object space 48640K, 15% used [0x00000000a0000000,0x00000000a075ef58,0x00000000a2f80000)
 Metaspace       used 28023K, capacity 28804K, committed 28976K, reserved 1075200K
  class space    used 3868K, capacity 4103K, committed 4144K, reserved 1048576K
}
Event: 10.236 GC heap before
{Heap before GC invocations=10 (full 1):
 PSYoungGen      total 131072K, used 116007K [0x00000000e0000000, 0x00000000e9280000, 0x0000000100000000)
  eden space 122880K, 88% used [0x00000000e0000000,0x00000000e699ade0,0x00000000e7800000)
  from space 8192K, 96% used [0x00000000e8a80000,0x00000000e922f1a0,0x00000000e9280000)
  to   space 11264K, 0% used [0x00000000e7c80000,0x00000000e7c80000,0x00000000e8780000)
 ParOldGen       total 48640K, used 7547K [0x00000000a0000000, 0x00000000a2f80000, 0x00000000e0000000)
  object space 48640K, 15% used [0x00000000a0000000,0x00000000a075ef58,0x00000000a2f80000)
 Metaspace       used 34466K, capacity 35382K, committed 35496K, reserved 1079296K
  class space    used 4689K, capacity 4942K, committed 5040K, reserved 1048576K
Event: 10.260 GC heap after
Heap after GC invocations=10 (full 1):
 PSYoungGen      total 138752K, used 11251K [0x00000000e0000000, 0x00000000ecf00000, 0x0000000100000000)
  eden space 127488K, 0% used [0x00000000e0000000,0x00000000e0000000,0x00000000e7c80000)
  from space 11264K, 99% used [0x00000000e7c80000,0x00000000e877cda8,0x00000000e8780000)
  to   space 13312K, 0% used [0x00000000ec200000,0x00000000ec200000,0x00000000ecf00000)
 ParOldGen       total 48640K, used 9055K [0x00000000a0000000, 0x00000000a2f80000, 0x00000000e0000000)
  object space 48640K, 18% used [0x00000000a0000000,0x00000000a08d7de0,0x00000000a2f80000)
 Metaspace       used 34466K, capacity 35382K, committed 35496K, reserved 1079296K
  class space    used 4689K, capacity 4942K, committed 5040K, reserved 1048576K
}
Event: 10.260 GC heap before
{Heap before GC invocations=11 (full 2):
 PSYoungGen      total 138752K, used 11251K [0x00000000e0000000, 0x00000000ecf00000, 0x0000000100000000)
  eden space 127488K, 0% used [0x00000000e0000000,0x00000000e0000000,0x00000000e7c80000)
  from space 11264K, 99% used [0x00000000e7c80000,0x00000000e877cda8,0x00000000e8780000)
  to   space 13312K, 0% used [0x00000000ec200000,0x00000000ec200000,0x00000000ecf00000)
 ParOldGen       total 48640K, used 9055K [0x00000000a0000000, 0x00000000a2f80000, 0x00000000e0000000)
  object space 48640K, 18% used [0x00000000a0000000,0x00000000a08d7de0,0x00000000a2f80000)
 Metaspace       used 34466K, capacity 35382K, committed 35496K, reserved 1079296K
  class space    used 4689K, capacity 4942K, committed 5040K, reserved 1048576K
Event: 10.374 GC heap after
Heap after GC invocations=11 (full 2):
 PSYoungGen      total 138752K, used 0K [0x00000000e0000000, 0x00000000ecf00000, 0x0000000100000000)
  eden space 127488K, 0% used [0x00000000e0000000,0x00000000e0000000,0x00000000e7c80000)
  from space 11264K, 0% used [0x00000000e7c80000,0x00000000e7c80000,0x00000000e8780000)
  to   space 13312K, 0% used [0x00000000ec200000,0x00000000ec200000,0x00000000ecf00000)
 ParOldGen       total 72704K, used 19702K [0x00000000a0000000, 0x00000000a4700000, 0x00000000e0000000)
  object space 72704K, 27% used [0x00000000a0000000,0x00000000a133da40,0x00000000a4700000)
 Metaspace       used 34466K, capacity 35382K, committed 35496K, reserved 1079296K
  class space    used 4689K, capacity 4942K, committed 5040K, reserved 1048576K
}
Event: 13.689 GC heap before
{Heap before GC invocations=12 (full 2):
 PSYoungGen      total 138752K, used 127488K [0x00000000e0000000, 0x00000000ecf00000, 0x0000000100000000)
  eden space 127488K, 100% used [0x00000000e0000000,0x00000000e7c80000,0x00000000e7c80000)
  from space 11264K, 0% used [0x00000000e7c80000,0x00000000e7c80000,0x00000000e8780000)
  to   space 13312K, 0% used [0x00000000ec200000,0x00000000ec200000,0x00000000ecf00000)
 ParOldGen       total 72704K, used 19702K [0x00000000a0000000, 0x00000000a4700000, 0x00000000e0000000)
  object space 72704K, 27% used [0x00000000a0000000,0x00000000a133da40,0x00000000a4700000)
 Metaspace       used 44379K, capacity 45984K, committed 46120K, reserved 1089536K
  class space    used 5965K, capacity 6341K, committed 6448K, reserved 1048576K
Event: 13.722 GC heap after
Heap after GC invocations=12 (full 2):
 PSYoungGen      total 188928K, used 13167K [0x00000000e0000000, 0x00000000ecf00000, 0x0000000100000000)
  eden space 175616K, 0% used [0x00000000e0000000,0x00000000e0000000,0x00000000eab80000)
  from space 13312K, 98% used [0x00000000ec200000,0x00000000ecedbe20,0x00000000ecf00000)
  to   space 14848K, 0% used [0x00000000eb200000,0x00000000eb200000,0x00000000ec080000)
 ParOldGen       total 72704K, used 19702K [0x00000000a0000000, 0x00000000a4700000, 0x00000000e0000000)
  object space 72704K, 27% used [0x00000000a0000000,0x00000000a133da40,0x00000000a4700000)
 Metaspace       used 44379K, capacity 45984K, committed 46120K, reserved 1089536K
  class space    used 5965K, capacity 6341K, committed 6448K, reserved 1048576K
}

Deoptimization events (10 events):
Event: 15.533 Thread 0x0000000019345800 Uncommon trap: reason=unstable_if action=reinterpret pc=0x000000000334701c method=groovy.lang.MetaClassImpl$1MOPIter.methodNameAction(Ljava/lang/Class;Lorg/codehaus/groovy/runtime/metaclass/MetaMethodIndex$Entry;)V @ 182
Event: 15.674 Thread 0x0000000019345800 Uncommon trap: reason=class_check action=maybe_recompile pc=0x00000000034a1400 method=java.lang.Throwable.<init>(Ljava/lang/String;Ljava/lang/Throwable;)V @ 24
Event: 15.923 Thread 0x0000000019345800 Uncommon trap: reason=class_check action=maybe_recompile pc=0x0000000002b9f910 method=org.gradle.internal.logging.text.AbstractLineChoppingStyledTextOutput$StateContext.flushLineText()V @ 110
Event: 15.925 Thread 0x0000000019345800 Uncommon trap: reason=class_check action=maybe_recompile pc=0x0000000002b9f910 method=org.gradle.internal.logging.text.AbstractLineChoppingStyledTextOutput$StateContext.flushLineText()V @ 110
Event: 15.926 Thread 0x0000000019345800 Uncommon trap: reason=class_check action=maybe_recompile pc=0x0000000002b9f910 method=org.gradle.internal.logging.text.AbstractLineChoppingStyledTextOutput$StateContext.flushLineText()V @ 110
Event: 15.926 Thread 0x0000000019345800 Uncommon trap: reason=class_check action=maybe_recompile pc=0x0000000002b9f910 method=org.gradle.internal.logging.text.AbstractLineChoppingStyledTextOutput$StateContext.flushLineText()V @ 110
Event: 16.083 Thread 0x0000000019345800 Uncommon trap: reason=class_check action=maybe_recompile pc=0x000000000287fe60 method=java.lang.String.equals(Ljava/lang/Object;)Z @ 8
Event: 16.083 Thread 0x0000000019345800 Uncommon trap: reason=class_check action=maybe_recompile pc=0x000000000287fe60 method=java.lang.String.equals(Ljava/lang/Object;)Z @ 8
Event: 16.083 Thread 0x0000000019345800 Uncommon trap: reason=class_check action=maybe_recompile pc=0x000000000287fe60 method=java.lang.String.equals(Ljava/lang/Object;)Z @ 8
Event: 16.084 Thread 0x0000000019345800 Uncommon trap: reason=class_check action=maybe_recompile pc=0x000000000287fe60 method=java.lang.String.equals(Ljava/lang/Object;)Z @ 8

Classes redefined (0 events):
No events

Internal exceptions (10 events):
Event: 15.674 Thread 0x0000000019345800 Exception <a 'java/lang/reflect/InvocationTargetException'> (0x00000000e6bbdcd0) thrown at [C:\src\AOSP-openjdk-git\hotspot\src\share\vm\runtime\reflection.cpp, line 1092]
Event: 15.674 Thread 0x0000000019345800 Exception <a 'java/lang/reflect/InvocationTargetException'> (0x00000000e6bbea50) thrown at [C:\src\AOSP-openjdk-git\hotspot\src\share\vm\runtime\reflection.cpp, line 1092]
Event: 15.674 Thread 0x0000000019345800 Exception <a 'java/lang/reflect/InvocationTargetException'> (0x00000000e6bbf5e8) thrown at [C:\src\AOSP-openjdk-git\hotspot\src\share\vm\runtime\reflection.cpp, line 1092]
Event: 15.709 Thread 0x0000000019345800 Exception <a 'java/lang/ClassNotFoundException': com/google/android/gms/dependencies/DependencyAnalyzerBeanInfo> (0x00000000e6cb9f38) thrown at [C:\src\AOSP-openjdk-git\hotspot\src\share\vm\classfile\systemDictionary.cpp, line 210]
Event: 15.709 Thread 0x0000000019345800 Exception <a 'java/lang/ClassNotFoundException': com/google/android/gms/dependencies/DependencyAnalyzerCustomizer> (0x00000000e6cd71e8) thrown at [C:\src\AOSP-openjdk-git\hotspot\src\share\vm\classfile\systemDictionary.cpp, line 210]
Event: 15.720 Thread 0x0000000019345800 Exception <a 'java/lang/ClassNotFoundException': java/lang/StringBeanInfo> (0x00000000e6de1d00) thrown at [C:\src\AOSP-openjdk-git\hotspot\src\share\vm\classfile\systemDictionary.cpp, line 210]
Event: 15.720 Thread 0x0000000019345800 Exception <a 'java/lang/ClassNotFoundException': java/lang/StringCustomizer> (0x00000000e6deae28) thrown at [C:\src\AOSP-openjdk-git\hotspot\src\share\vm\classfile\systemDictionary.cpp, line 210]
Event: 15.728 Thread 0x0000000019345800 Exception <a 'java/lang/ClassNotFoundException': com/google/android/gms/dependencies/DependencyInspectorBeanInfo> (0x00000000e6e52dc8) thrown at [C:\src\AOSP-openjdk-git\hotspot\src\share\vm\classfile\systemDictionary.cpp, line 210]
Event: 15.729 Thread 0x0000000019345800 Exception <a 'java/lang/ClassNotFoundException': com/google/android/gms/dependencies/DependencyInspectorCustomizer> (0x00000000e6e70108) thrown at [C:\src\AOSP-openjdk-git\hotspot\src\share\vm\classfile\systemDictionary.cpp, line 210]
Event: 15.826 Thread 0x0000000019345800 Exception <a 'sun/nio/fs/WindowsException'> (0x00000000e6f623f8) thrown at [C:\src\AOSP-openjdk-git\hotspot\src\share\vm\prims\jni.cpp, line 710]

Events (10 events):
Event: 16.244 loading class com/google/common/collect/ImmutableSet$Builder
Event: 16.244 loading class com/google/common/collect/ImmutableSet$Builder done
Event: 16.244 Thread 0x000000001608d000 flushing nmethod 0x0000000002f6b010
Event: 16.245 loading class com/google/common/collect/ImmutableRangeSet
Event: 16.245 loading class com/google/common/collect/ImmutableRangeSet done
Event: 16.246 Thread 0x000000001608d000 flushing nmethod 0x00000000030fc590
Event: 16.276 loading class com/google/common/collect/AbstractRangeSet
Event: 16.276 loading class com/google/common/collect/AbstractRangeSet done
Event: 16.276 loading class com/google/common/collect/RangeSet
Event: 16.276 loading class com/google/common/collect/RangeSet done


Dynamic libraries:
0x00007ff7165b0000 - 0x00007ff7165e1000 	C:\Program Files\Android\Android Studio\jre\bin\java.exe
0x00007ff910a20000 - 0x00007ff910c10000 	C:\WINDOWS\SYSTEM32\ntdll.dll
0x00007ff90fce0000 - 0x00007ff90fd92000 	C:\WINDOWS\System32\KERNEL32.DLL
0x00007ff90e820000 - 0x00007ff90eac4000 	C:\WINDOWS\System32\KERNELBASE.dll
0x00007ff90ef40000 - 0x00007ff90efe3000 	C:\WINDOWS\System32\ADVAPI32.dll
0x00007ff9104c0000 - 0x00007ff91055e000 	C:\WINDOWS\System32\msvcrt.dll
0x00007ff910420000 - 0x00007ff9104b7000 	C:\WINDOWS\System32\sechost.dll
0x00007ff90f050000 - 0x00007ff90f170000 	C:\WINDOWS\System32\RPCRT4.dll
0x00007ff9100e0000 - 0x00007ff910274000 	C:\WINDOWS\System32\USER32.dll
0x00007ff90e750000 - 0x00007ff90e771000 	C:\WINDOWS\System32\win32u.dll
0x00007ff90f170000 - 0x00007ff90f196000 	C:\WINDOWS\System32\GDI32.dll
0x00007ff90d9a0000 - 0x00007ff90db36000 	C:\WINDOWS\System32\gdi32full.dll
0x00007ff90de70000 - 0x00007ff90df0e000 	C:\WINDOWS\System32\msvcp_win.dll
0x00007ff90db70000 - 0x00007ff90dc6a000 	C:\WINDOWS\System32\ucrtbase.dll
0x00007ff8ef1d0000 - 0x00007ff8ef454000 	C:\WINDOWS\WinSxS\amd64_microsoft.windows.common-controls_6595b64144ccf1df_6.0.18362.959_none_e6c7bbbf130c62bb\COMCTL32.dll
0x00007ff90fda0000 - 0x00007ff9100d5000 	C:\WINDOWS\System32\combase.dll
0x00007ff90e780000 - 0x00007ff90e800000 	C:\WINDOWS\System32\bcryptPrimitives.dll
0x00007ff90f280000 - 0x00007ff90f2ae000 	C:\WINDOWS\System32\IMM32.DLL
0x0000000055f60000 - 0x0000000056032000 	C:\Program Files\Android\Android Studio\jre\jre\bin\msvcr100.dll
0x00000000542f0000 - 0x0000000054b3b000 	C:\Program Files\Android\Android Studio\jre\jre\bin\server\jvm.dll
0x00007ff90fcc0000 - 0x00007ff90fcc8000 	C:\WINDOWS\System32\PSAPI.DLL
0x00007ff90b410000 - 0x00007ff90b434000 	C:\WINDOWS\SYSTEM32\WINMM.dll
0x00007ff9074e0000 - 0x00007ff9074ea000 	C:\WINDOWS\SYSTEM32\VERSION.dll
0x00007ff8f03f0000 - 0x00007ff8f03f9000 	C:\WINDOWS\SYSTEM32\WSOCK32.dll
0x00007ff90f1a0000 - 0x00007ff90f20f000 	C:\WINDOWS\System32\WS2_32.dll
0x00007ff90b3e0000 - 0x00007ff90b40d000 	C:\WINDOWS\SYSTEM32\WINMMBASE.dll
0x00007ff90df10000 - 0x00007ff90df5a000 	C:\WINDOWS\System32\cfgmgr32.dll
0x00007ff90b480000 - 0x00007ff90b48f000 	C:\Program Files\Android\Android Studio\jre\jre\bin\verify.dll
0x00007ff8f9ae0000 - 0x00007ff8f9b09000 	C:\Program Files\Android\Android Studio\jre\jre\bin\java.dll
0x00007ff904910000 - 0x00007ff904926000 	C:\Program Files\Android\Android Studio\jre\jre\bin\zip.dll
0x00007ff90f2c0000 - 0x00007ff90f9a6000 	C:\WINDOWS\System32\SHELL32.dll
0x00007ff90fa60000 - 0x00007ff90fb09000 	C:\WINDOWS\System32\shcore.dll
0x00007ff90dfc0000 - 0x00007ff90e742000 	C:\WINDOWS\System32\windows.storage.dll
0x00007ff90d950000 - 0x00007ff90d973000 	C:\WINDOWS\System32\profapi.dll
0x00007ff90d8e0000 - 0x00007ff90d92a000 	C:\WINDOWS\System32\powrprof.dll
0x00007ff90d8d0000 - 0x00007ff90d8e0000 	C:\WINDOWS\System32\UMPDC.dll
0x00007ff90eff0000 - 0x00007ff90f042000 	C:\WINDOWS\System32\shlwapi.dll
0x00007ff90d980000 - 0x00007ff90d991000 	C:\WINDOWS\System32\kernel.appcore.dll
0x00007ff90e800000 - 0x00007ff90e817000 	C:\WINDOWS\System32\cryptsp.dll
0x00007ff902da0000 - 0x00007ff902dba000 	C:\Program Files\Android\Android Studio\jre\jre\bin\net.dll
0x00007ff90d0e0000 - 0x00007ff90d147000 	C:\WINDOWS\system32\mswsock.dll
0x00007ff8ec9d0000 - 0x00007ff8ec9e3000 	C:\Program Files\Android\Android Studio\jre\jre\bin\nio.dll
0x00007ff8f6760000 - 0x00007ff8f6786000 	C:\Users\Niyati Patel\.gradle\native\31\windows-amd64\native-platform.dll
0x00007ff909dc0000 - 0x00007ff909dcd000 	C:\Program Files\Android\Android Studio\jre\jre\bin\management.dll
0x00007ff90cc50000 - 0x00007ff90cc83000 	C:\WINDOWS\system32\rsaenh.dll
0x00007ff90db40000 - 0x00007ff90db66000 	C:\WINDOWS\System32\bcrypt.dll
0x00007ff90d7f0000 - 0x00007ff90d815000 	C:\WINDOWS\SYSTEM32\USERENV.dll
0x00007ff90d2b0000 - 0x00007ff90d2bc000 	C:\WINDOWS\SYSTEM32\CRYPTBASE.dll
0x00007ff90cdf0000 - 0x00007ff90ce2a000 	C:\WINDOWS\SYSTEM32\IPHLPAPI.DLL
0x00007ff90f2b0000 - 0x00007ff90f2b8000 	C:\WINDOWS\System32\NSI.dll
0x00007ff9012a0000 - 0x00007ff9012b6000 	C:\WINDOWS\SYSTEM32\dhcpcsvc6.DLL
0x00007ff9013b0000 - 0x00007ff9013cc000 	C:\WINDOWS\SYSTEM32\dhcpcsvc.DLL
0x00007ff90ce30000 - 0x00007ff90cefb000 	C:\WINDOWS\SYSTEM32\DNSAPI.dll

VM Arguments:
jvm_args: -Xmx1536m -Dfile.encoding=windows-1252 -Duser.country=US -Duser.language=en -Duser.variant 
java_command: org.gradle.launcher.daemon.bootstrap.GradleDaemon 6.1.1
java_class_path (initial): C:\Users\Niyati Patel\.gradle\wrapper\dists\gradle-6.1.1-all\cfmwm155h49vnt3hynmlrsdst\gradle-6.1.1\lib\gradle-launcher-6.1.1.jar
Launcher Type: SUN_STANDARD

Environment Variables:
PATH=C:\oraclexe\app\oracle\product\10.2.0\server\bin;C:\Program Files (x86)\Common Files\Oracle\Java\javapath;C:\Program Files (x86)\Java\jre1.8.0_111\bin;C:\Program Files\Java\jdk1.8.0_212\bin;C:\Program Files\Java\jdk-12.0.2\bin;C:\WINDOWS\system32;C:\WINDOWS;C:\WINDOWS\System32\Wbem;C:\WINDOWS\System32\WindowsPowerShell\v1.0\;C:\WINDOWS\System32\OpenSSH\;C:\PHP7;C:\Users\Niyati Patel\AppData\Local\Programs\Python\Python38-32\Scripts\;C:\Users\Niyati Patel\AppData\Local\Programs\Python\Python38-32\;C:\Users\Niyati Patel\AppData\Local\Microsoft\WindowsApps;C:\Users\Niyati Patel\AppData\Local\Programs\Microsoft VS Code\bin;C:\src\flutter_windows_v1.12.13+hotfix.8-stable\flutter\bin;
USERNAME=Niyati Patel
OS=Windows_NT
PROCESSOR_IDENTIFIER=Intel64 Family 6 Model 142 Stepping 10, GenuineIntel



---------------  S Y S T E M  ---------------

OS: Windows 10.0 , 64 bit Build 18362 (10.0.18362.959)

CPU:total 4 (initial active 4) (2 cores per cpu, 2 threads per core) family 6 model 142 stepping 10, cmov, cx8, fxsr, mmx, sse, sse2, sse3, ssse3, sse4.1, sse4.2, popcnt, avx, avx2, aes, clmul, erms, 3dnowpref, lzcnt, ht, tsc, tscinvbit, bmi1, bmi2, adx

Memory: 4k page, physical 8303524k(958816k free), swap 11282340k(5372k free)

vm_info: OpenJDK 64-Bit Server VM (25.242-b01) for windows-amd64 JRE (1.8.0_242-release-1644-b01), built by "builder" with MS VC++ 10.0 (VS2010)

time: Sat Aug 01 21:43:44 2020
timezone: India Standard Time
elapsed time: 16 seconds (0d 0h 0m 16s)

