#
# There is insufficient memory for the Java Runtime Environment to continue.
# Native memory allocation (malloc) failed to allocate 1038928 bytes for Chunk::new
# Possible reasons:
#   The system is out of physical RAM or swap space
#   The process is running with CompressedOops enabled, and the Java Heap may be blocking the growth of the native heap
# Possible solutions:
#   Reduce memory load on the system
#   Increase physical memory or swap space
#   Check if swap backing store is full
#   Decrease Java heap size (-Xmx/-Xms)
#   Decrease number of Java threads
#   Decrease Java thread stack sizes (-Xss)
#   Set larger code cache with -XX:ReservedCodeCacheSize=
#   JVM is running with Unscaled Compressed Oops mode in which the Java heap is
#     placed in the first 4GB address space. The Java Heap base address is the
#     maximum limit for the native heap growth. Please use -XX:HeapBaseMinAddress
#     to set the Java Heap base and to place the Java Heap above 4GB virtual address.
# This output file may be truncated or incomplete.
#
#  Out of Memory Error (allocation.cpp:389), pid=18376, tid=0x0000000000005b9c
#
# JRE version: OpenJDK Runtime Environment (8.0_242-b01) (build 1.8.0_242-release-1644-b01)
# Java VM: OpenJDK 64-Bit Server VM (25.242-b01 mixed mode windows-amd64 compressed oops)
# Failed to write core dump. Minidumps are not enabled by default on client versions of Windows
#

---------------  T H R E A D  ---------------

Current thread (0x00000000161d4800):  JavaThread "C2 CompilerThread0" daemon [_thread_in_native, id=23452, stack(0x0000000017820000,0x0000000017920000)]

Stack: [0x0000000017820000,0x0000000017920000]
[error occurred during error reporting (printing stack bounds), id 0xc0000005]

Native frames: (J=compiled Java code, j=interpreted, Vv=VM code, C=native code)


Current CompileTask:
C2:2519990 21859       4       com.android.tools.r8.ir.analysis.type.t::a (238 bytes)


---------------  P R O C E S S  ---------------

Java Threads: ( => current thread )
  0x000000001cd0b800 JavaThread "Cache worker for Java compile cache (C:\Users\Niyati Patel\AndroidStudioProjects\TAVERN\.gradle\6.1.1\javaCompile)" [_thread_blocked, id=20244, stack(0x0000000026f30000,0x0000000027030000)]
  0x000000001cd0d000 JavaThread "Cache worker for Java compile cache (C:\Users\Niyati Patel\.gradle\caches\6.1.1\javaCompile)" [_thread_blocked, id=19996, stack(0x000000001b640000,0x000000001b740000)]
  0x000000001cd0f800 JavaThread "stdout" [_thread_in_native, id=4528, stack(0x00000000274b0000,0x00000000275b0000)]
  0x0000000019d92000 JavaThread "stderr" [_thread_in_native, id=22276, stack(0x0000000026c10000,0x0000000026d10000)]
  0x00000000230ea000 JavaThread "stdout" [_thread_in_native, id=23888, stack(0x00000000271c0000,0x00000000272c0000)]
  0x00000000230e9000 JavaThread "stderr" [_thread_in_native, id=18412, stack(0x00000000270c0000,0x00000000271c0000)]
  0x00000000230e7800 JavaThread "stdout" [_thread_in_native, id=8348, stack(0x0000000026e30000,0x0000000026f30000)]
  0x00000000230e7000 JavaThread "stderr" [_thread_in_native, id=2572, stack(0x0000000026d30000,0x0000000026e30000)]
  0x00000000230e6000 JavaThread "WorkerExecutor Queue Thread 4" [_thread_in_native, id=23780, stack(0x0000000026960000,0x0000000026a60000)]
  0x00000000230e8800 JavaThread "WorkerExecutor Queue Thread 3" [_thread_blocked, id=19276, stack(0x0000000026860000,0x0000000026960000)]
  0x00000000230e5800 JavaThread "WorkerExecutor Queue Thread 2" [_thread_blocked, id=18700, stack(0x0000000026b10000,0x0000000026c10000)]
  0x00000000230db800 JavaThread "stdout" [_thread_in_native, id=10528, stack(0x0000000026560000,0x0000000026660000)]
  0x00000000230de800 JavaThread "stderr" [_thread_in_native, id=15532, stack(0x0000000026460000,0x0000000026560000)]
  0x00000000230e0000 JavaThread "pool-13-thread-1" [_thread_blocked, id=13732, stack(0x0000000026360000,0x0000000026460000)]
  0x00000000230dd800 JavaThread "WorkerExecutor Queue" [_thread_blocked, id=14288, stack(0x0000000026260000,0x0000000026360000)]
  0x00000000230e2000 JavaThread "Cache worker for execution history cache (C:\Users\Niyati Patel\AndroidStudioProjects\TAVERN\.gradle\6.1.1\executionHistory)" [_thread_blocked, id=10776, stack(0x0000000025ca0000,0x0000000025da0000)]
  0x00000000230da800 JavaThread "Execution worker for ':' Thread 3" [_thread_in_native, id=22408, stack(0x0000000025ba0000,0x0000000025ca0000)]
  0x00000000230dc000 JavaThread "Execution worker for ':' Thread 2" [_thread_blocked, id=21200, stack(0x00000000257e0000,0x00000000258e0000)]
  0x00000000230df000 JavaThread "Execution worker for ':'" [_thread_in_Java, id=19568, stack(0x00000000246b0000,0x00000000247b0000)]
  0x00000000230e1800 JavaThread "Cache worker for file content cache (C:\Users\Niyati Patel\AndroidStudioProjects\TAVERN\.gradle\6.1.1\fileContent)" [_thread_blocked, id=7720, stack(0x0000000025aa0000,0x0000000025ba0000)]
  0x00000000230e0800 JavaThread "Cache worker for file content cache (C:\Users\Niyati Patel\.gradle\caches\6.1.1\fileContent)" [_thread_blocked, id=9644, stack(0x00000000259a0000,0x0000000025aa0000)]
  0x0000000019d95000 JavaThread "Memory manager" [_thread_blocked, id=13292, stack(0x00000000240b0000,0x00000000241b0000)]
  0x0000000019d90800 JavaThread "Cache worker for Build Output Cleanup Cache (C:\Users\Niyati Patel\AndroidStudioProjects\TAVERN\.gradle\buildOutputCleanup)" [_thread_blocked, id=20036, stack(0x0000000022310000,0x0000000022410000)]
  0x0000000019d90000 JavaThread "pool-3-thread-1" [_thread_blocked, id=18976, stack(0x0000000021810000,0x0000000021910000)]
  0x0000000018e52000 JavaThread "Build operations Thread 4" [_thread_blocked, id=21212, stack(0x0000000021510000,0x0000000021610000)]
  0x0000000018e51000 JavaThread "Build operations Thread 3" [_thread_blocked, id=21196, stack(0x0000000021010000,0x0000000021110000)]
  0x0000000018e50800 JavaThread "Build operations Thread 2" [_thread_blocked, id=20956, stack(0x0000000020f10000,0x0000000021010000)]
  0x0000000018e4f800 JavaThread "Build operations" [_thread_blocked, id=17828, stack(0x00000000207b0000,0x00000000208b0000)]
  0x0000000018e4f000 JavaThread "Cache worker for cache directory md-rule (C:\Users\Niyati Patel\.gradle\caches\6.1.1\md-rule)" [_thread_blocked, id=23212, stack(0x00000000206b0000,0x00000000207b0000)]
  0x0000000018e4e000 JavaThread "Cache worker for cache directory md-supplier (C:\Users\Niyati Patel\.gradle\caches\6.1.1\md-supplier)" [_thread_blocked, id=15452, stack(0x000000001ea10000,0x000000001eb10000)]
  0x0000000018e46800 JavaThread "Cache worker for file hash cache (C:\Users\Niyati Patel\AndroidStudioProjects\TAVERN\.gradle\6.1.1\fileHashes)" [_thread_blocked, id=22088, stack(0x000000001e6e0000,0x000000001e7e0000)]
  0x0000000018e4c000 JavaThread "Cache worker for checksums cache (C:\Users\Niyati Patel\AndroidStudioProjects\TAVERN\.gradle\checksums)" [_thread_blocked, id=13260, stack(0x000000001ba40000,0x000000001bb40000)]
  0x0000000018e47800 JavaThread "Thread-28" [_thread_blocked, id=14120, stack(0x000000001b740000,0x000000001b840000)]
  0x0000000018e4b000 JavaThread "Asynchronous log dispatcher for DefaultDaemonConnection: socket connection from /127.0.0.1:54708 to /127.0.0.1:56464" [_thread_blocked, id=10400, stack(0x000000001b340000,0x000000001b440000)]
  0x0000000018e44800 JavaThread "Daemon worker Thread 2" [_thread_in_Java, id=5712, stack(0x000000001b240000,0x000000001b340000)]
  0x0000000018e43800 JavaThread "Cancel handler" [_thread_blocked, id=7884, stack(0x0000000000b70000,0x0000000000c70000)]
  0x0000000018e4a800 JavaThread "Handler for socket connection from /127.0.0.1:54708 to /127.0.0.1:56464" [_thread_in_native, id=17680, stack(0x0000000000a70000,0x0000000000b70000)]
  0x0000000018e49000 JavaThread "Daemon Thread 2" [_thread_blocked, id=24128, stack(0x0000000000970000,0x0000000000a70000)]
  0x0000000019d8e800 JavaThread "Cache worker for execution history cache (C:\Users\Niyati Patel\.gradle\caches\6.1.1\executionHistory)" [_thread_blocked, id=10052, stack(0x000000001fbb0000,0x000000001fcb0000)]
  0x0000000019d94800 JavaThread "Cache worker for file hash cache (C:\Users\Niyati Patel\.gradle\caches\6.1.1\fileHashes)" [_thread_blocked, id=19552, stack(0x000000001bf40000,0x000000001c040000)]
  0x0000000019d93800 JavaThread "File lock request listener" [_thread_in_native, id=17920, stack(0x000000001be40000,0x000000001bf40000)]
  0x00000000187d2800 JavaThread "Cache worker for journal cache (C:\Users\Niyati Patel\.gradle\caches\journal-1)" [_thread_blocked, id=1032, stack(0x000000001bd40000,0x000000001be40000)]
  0x0000000018c44800 JavaThread "Daemon periodic checks" [_thread_blocked, id=17644, stack(0x000000001b140000,0x000000001b240000)]
  0x0000000019a4b800 JavaThread "Incoming local TCP Connector on port 54708" [_thread_in_native, id=1228, stack(0x000000001af00000,0x000000001b000000)]
  0x0000000019bde800 JavaThread "Daemon health stats" [_thread_blocked, id=17404, stack(0x000000001a8c0000,0x000000001a9c0000)]
  0x000000001622e000 JavaThread "Service Thread" daemon [_thread_blocked, id=17356, stack(0x0000000017f20000,0x0000000018020000)]
  0x00000000161e9000 JavaThread "C1 CompilerThread2" daemon [_thread_blocked, id=9892, stack(0x0000000017a20000,0x0000000017b20000)]
  0x00000000161db000 JavaThread "C2 CompilerThread1" daemon [_thread_in_native, id=8804, stack(0x0000000017920000,0x0000000017a20000)]
=>0x00000000161d4800 JavaThread "C2 CompilerThread0" daemon [_thread_in_native, id=23452, stack(0x0000000017820000,0x0000000017920000)]
  0x00000000161d3000 JavaThread "Attach Listener" daemon [_thread_blocked, id=22920, stack(0x0000000017720000,0x0000000017820000)]
  0x00000000161d2000 JavaThread "Signal Dispatcher" daemon [_thread_blocked, id=5836, stack(0x0000000017620000,0x0000000017720000)]
  0x000000000285d000 JavaThread "Finalizer" daemon [_thread_blocked, id=24200, stack(0x0000000017420000,0x0000000017520000)]
  0x00000000161b9000 JavaThread "Reference Handler" daemon [_thread_blocked, id=9012, stack(0x0000000017320000,0x0000000017420000)]
  0x00000000025ce800 JavaThread "main" [_thread_blocked, id=24092, stack(0x0000000002660000,0x0000000002760000)]

Other Threads:
  0x0000000016196800 VMThread [stack: 0x0000000017220000,0x0000000017320000] [id=12872]
  0x0000000017b52800 WatcherThread [stack: 0x0000000018020000,0x0000000018120000] [id=14412]

VM state:not at safepoint (normal execution)

VM Mutex/Monitor currently owned by a thread: None

heap address: 0x00000000a0000000, size: 1536 MB, Compressed Oops mode: 32-bit
Narrow klass base: 0x0000000000000000, Narrow klass shift: 3
Compressed class space size: 1073741824 Address: 0x0000000100000000

Heap:
 PSYoungGen      total 248320K, used 108311K [0x00000000e0000000, 0x00000000f2b80000, 0x0000000100000000)
  eden space 202752K, 52% used [0x00000000e0000000,0x00000000e674de38,0x00000000ec600000)
  from space 45568K, 5% used [0x00000000ef500000,0x00000000ef778010,0x00000000f2180000)
  to   space 48128K, 0% used [0x00000000ec600000,0x00000000ec600000,0x00000000ef500000)
 ParOldGen       total 169472K, used 100075K [0x00000000a0000000, 0x00000000aa580000, 0x00000000e0000000)
  object space 169472K, 59% used [0x00000000a0000000,0x00000000a61bac20,0x00000000aa580000)
 Metaspace       used 107571K, capacity 112170K, committed 112552K, reserved 1146880K
  class space    used 13763K, capacity 14630K, committed 14768K, reserved 1048576K

Card table byte_map: [0x0000000011c20000,0x0000000011f30000] byte_map_base: 0x0000000011720000

Marking Bits: (ParMarkBitMap*) 0x0000000055ddf030
 Begin Bits: [0x0000000012530000, 0x0000000013d30000)
 End Bits:   [0x0000000013d30000, 0x0000000015530000)

Polling page: 0x0000000000740000

CodeCache: size=245760Kb used=64221Kb max_used=64222Kb free=181538Kb
 bounds [0x0000000002860000, 0x0000000006760000, 0x0000000011860000]
 total_blobs=19040 nmethods=18102 adapters=849
 compilation: enabled

Compilation events (10 events):
Event: 2519.825 Thread 0x00000000161e9000 21926       1       javax.management.MBeanInfo::getClassName (5 bytes)
Event: 2519.825 Thread 0x00000000161e9000 nmethod 21926 0x00000000066e06d0 code [0x00000000066e0820, 0x00000000066e0930]
Event: 2519.841 Thread 0x00000000161e9000 21927       2       com.android.tools.r8.s.a.a.b.k::<init> (5 bytes)
Event: 2519.841 Thread 0x00000000161e9000 nmethod 21927 0x00000000066e0390 code [0x00000000066e04e0, 0x00000000066e0630]
Event: 2519.841 Thread 0x00000000161e9000 21928       2       com.android.tools.r8.s.a.a.b.I$b::next (38 bytes)
Event: 2519.842 Thread 0x00000000161e9000 nmethod 21928 0x00000000066dfc90 code [0x00000000066dfe20, 0x00000000066e0188]
Event: 2519.844 Thread 0x00000000161e9000 21929       2       com.android.tools.r8.B.a.a.h::a (18 bytes)
Event: 2519.844 Thread 0x00000000161e9000 nmethod 21929 0x00000000066df8d0 code [0x00000000066dfa40, 0x00000000066dfbc8]
Event: 2519.871 Thread 0x00000000161e9000 21930       2       com.android.tools.r8.code.r1::<init> (8 bytes)
Event: 2519.871 Thread 0x00000000161e9000 nmethod 21930 0x00000000066e8290 code [0x00000000066e8400, 0x00000000066e8568]

GC Heap History (10 events):
Event: 2512.429 GC heap before
{Heap before GC invocations=34 (full 4):
 PSYoungGen      total 250880K, used 223457K [0x00000000e0000000, 0x00000000f2b80000, 0x0000000100000000)
  eden space 202752K, 100% used [0x00000000e0000000,0x00000000ec600000,0x00000000ec600000)
  from space 48128K, 43% used [0x00000000ec600000,0x00000000eda387a8,0x00000000ef500000)
  to   space 45568K, 0% used [0x00000000ef500000,0x00000000ef500000,0x00000000f2180000)
 ParOldGen       total 169472K, used 72458K [0x00000000a0000000, 0x00000000aa580000, 0x00000000e0000000)
  object space 169472K, 42% used [0x00000000a0000000,0x00000000a46c2ad0,0x00000000aa580000)
 Metaspace       used 107287K, capacity 111950K, committed 112296K, reserved 1146880K
  class space    used 13759K, capacity 14628K, committed 14768K, reserved 1048576K
Event: 2512.465 GC heap after
Heap after GC invocations=34 (full 4):
 PSYoungGen      total 248320K, used 7341K [0x00000000e0000000, 0x00000000f2b80000, 0x0000000100000000)
  eden space 202752K, 0% used [0x00000000e0000000,0x00000000e0000000,0x00000000ec600000)
  from space 45568K, 16% used [0x00000000ef500000,0x00000000efc2b718,0x00000000f2180000)
  to   space 48128K, 0% used [0x00000000ec600000,0x00000000ec600000,0x00000000ef500000)
 ParOldGen       total 169472K, used 86533K [0x00000000a0000000, 0x00000000aa580000, 0x00000000e0000000)
  object space 169472K, 51% used [0x00000000a0000000,0x00000000a5481690,0x00000000aa580000)
 Metaspace       used 107287K, capacity 111950K, committed 112296K, reserved 1146880K
  class space    used 13759K, capacity 14628K, committed 14768K, reserved 1048576K
}
Event: 2514.541 GC heap before
{Heap before GC invocations=35 (full 4):
 PSYoungGen      total 248320K, used 210093K [0x00000000e0000000, 0x00000000f2b80000, 0x0000000100000000)
  eden space 202752K, 100% used [0x00000000e0000000,0x00000000ec600000,0x00000000ec600000)
  from space 45568K, 16% used [0x00000000ef500000,0x00000000efc2b718,0x00000000f2180000)
  to   space 48128K, 0% used [0x00000000ec600000,0x00000000ec600000,0x00000000ef500000)
 ParOldGen       total 169472K, used 86533K [0x00000000a0000000, 0x00000000aa580000, 0x00000000e0000000)
  object space 169472K, 51% used [0x00000000a0000000,0x00000000a5481690,0x00000000aa580000)
 Metaspace       used 107423K, capacity 112090K, committed 112296K, reserved 1146880K
  class space    used 13761K, capacity 14628K, committed 14768K, reserved 1048576K
Event: 2514.568 GC heap after
Heap after GC invocations=35 (full 4):
 PSYoungGen      total 250880K, used 8538K [0x00000000e0000000, 0x00000000f2b80000, 0x0000000100000000)
  eden space 202752K, 0% used [0x00000000e0000000,0x00000000e0000000,0x00000000ec600000)
  from space 48128K, 17% used [0x00000000ec600000,0x00000000ece56b88,0x00000000ef500000)
  to   space 45568K, 0% used [0x00000000ef500000,0x00000000ef500000,0x00000000f2180000)
 ParOldGen       total 169472K, used 88929K [0x00000000a0000000, 0x00000000aa580000, 0x00000000e0000000)
  object space 169472K, 52% used [0x00000000a0000000,0x00000000a56d86b0,0x00000000aa580000)
 Metaspace       used 107423K, capacity 112090K, committed 112296K, reserved 1146880K
  class space    used 13761K, capacity 14628K, committed 14768K, reserved 1048576K
}
Event: 2515.958 GC heap before
{Heap before GC invocations=36 (full 4):
 PSYoungGen      total 250880K, used 211290K [0x00000000e0000000, 0x00000000f2b80000, 0x0000000100000000)
  eden space 202752K, 100% used [0x00000000e0000000,0x00000000ec600000,0x00000000ec600000)
  from space 48128K, 17% used [0x00000000ec600000,0x00000000ece56b88,0x00000000ef500000)
  to   space 45568K, 0% used [0x00000000ef500000,0x00000000ef500000,0x00000000f2180000)
 ParOldGen       total 169472K, used 88929K [0x00000000a0000000, 0x00000000aa580000, 0x00000000e0000000)
  object space 169472K, 52% used [0x00000000a0000000,0x00000000a56d86b0,0x00000000aa580000)
 Metaspace       used 107432K, capacity 112090K, committed 112296K, reserved 1146880K
  class space    used 13761K, capacity 14628K, committed 14768K, reserved 1048576K
Event: 2516.021 GC heap after
Heap after GC invocations=36 (full 4):
 PSYoungGen      total 248320K, used 13586K [0x00000000e0000000, 0x00000000f2b80000, 0x0000000100000000)
  eden space 202752K, 0% used [0x00000000e0000000,0x00000000e0000000,0x00000000ec600000)
  from space 45568K, 29% used [0x00000000ef500000,0x00000000f0244be8,0x00000000f2180000)
  to   space 48128K, 0% used [0x00000000ec600000,0x00000000ec600000,0x00000000ef500000)
 ParOldGen       total 169472K, used 89983K [0x00000000a0000000, 0x00000000aa580000, 0x00000000e0000000)
  object space 169472K, 53% used [0x00000000a0000000,0x00000000a57dfc40,0x00000000aa580000)
 Metaspace       used 107432K, capacity 112090K, committed 112296K, reserved 1146880K
  class space    used 13761K, capacity 14628K, committed 14768K, reserved 1048576K
}
Event: 2517.158 GC heap before
{Heap before GC invocations=37 (full 4):
 PSYoungGen      total 248320K, used 216338K [0x00000000e0000000, 0x00000000f2b80000, 0x0000000100000000)
  eden space 202752K, 100% used [0x00000000e0000000,0x00000000ec600000,0x00000000ec600000)
  from space 45568K, 29% used [0x00000000ef500000,0x00000000f0244be8,0x00000000f2180000)
  to   space 48128K, 0% used [0x00000000ec600000,0x00000000ec600000,0x00000000ef500000)
 ParOldGen       total 169472K, used 89983K [0x00000000a0000000, 0x00000000aa580000, 0x00000000e0000000)
  object space 169472K, 53% used [0x00000000a0000000,0x00000000a57dfc40,0x00000000aa580000)
 Metaspace       used 107554K, capacity 112166K, committed 112552K, reserved 1146880K
  class space    used 13763K, capacity 14630K, committed 14768K, reserved 1048576K
Event: 2517.264 GC heap after
Heap after GC invocations=37 (full 4):
 PSYoungGen      total 250880K, used 8650K [0x00000000e0000000, 0x00000000f2b80000, 0x0000000100000000)
  eden space 202752K, 0% used [0x00000000e0000000,0x00000000e0000000,0x00000000ec600000)
  from space 48128K, 17% used [0x00000000ec600000,0x00000000ece72858,0x00000000ef500000)
  to   space 45568K, 0% used [0x00000000ef500000,0x00000000ef500000,0x00000000f2180000)
 ParOldGen       total 169472K, used 99308K [0x00000000a0000000, 0x00000000aa580000, 0x00000000e0000000)
  object space 169472K, 58% used [0x00000000a0000000,0x00000000a60fb160,0x00000000aa580000)
 Metaspace       used 107554K, capacity 112166K, committed 112552K, reserved 1146880K
  class space    used 13763K, capacity 14630K, committed 14768K, reserved 1048576K
}
Event: 2519.060 GC heap before
{Heap before GC invocations=38 (full 4):
 PSYoungGen      total 250880K, used 211402K [0x00000000e0000000, 0x00000000f2b80000, 0x0000000100000000)
  eden space 202752K, 100% used [0x00000000e0000000,0x00000000ec600000,0x00000000ec600000)
  from space 48128K, 17% used [0x00000000ec600000,0x00000000ece72858,0x00000000ef500000)
  to   space 45568K, 0% used [0x00000000ef500000,0x00000000ef500000,0x00000000f2180000)
 ParOldGen       total 169472K, used 99308K [0x00000000a0000000, 0x00000000aa580000, 0x00000000e0000000)
  object space 169472K, 58% used [0x00000000a0000000,0x00000000a60fb160,0x00000000aa580000)
 Metaspace       used 107565K, capacity 112170K, committed 112552K, reserved 1146880K
  class space    used 13763K, capacity 14630K, committed 14768K, reserved 1048576K
Event: 2519.086 GC heap after
Heap after GC invocations=38 (full 4):
 PSYoungGen      total 248320K, used 2528K [0x00000000e0000000, 0x00000000f2b80000, 0x0000000100000000)
  eden space 202752K, 0% used [0x00000000e0000000,0x00000000e0000000,0x00000000ec600000)
  from space 45568K, 5% used [0x00000000ef500000,0x00000000ef778010,0x00000000f2180000)
  to   space 48128K, 0% used [0x00000000ec600000,0x00000000ec600000,0x00000000ef500000)
 ParOldGen       total 169472K, used 100075K [0x00000000a0000000, 0x00000000aa580000, 0x00000000e0000000)
  object space 169472K, 59% used [0x00000000a0000000,0x00000000a61bac20,0x00000000aa580000)
 Metaspace       used 107565K, capacity 112170K, committed 112552K, reserved 1146880K
  class space    used 13763K, capacity 14630K, committed 14768K, reserved 1048576K
}

Deoptimization events (10 events):
Event: 2516.276 Thread 0x00000000230df000 Uncommon trap: reason=unstable_if action=reinterpret pc=0x00000000034760dc method=java.util.HashMap.getNode(ILjava/lang/Object;)Ljava/util/HashMap$Node; @ 84
Event: 2516.276 Thread 0x00000000230df000 Uncommon trap: reason=unstable_if action=reinterpret pc=0x0000000003ac2da8 method=java.util.HashMap$TreeNode.find(ILjava/lang/Object;Ljava/lang/Class;)Ljava/util/HashMap$TreeNode; @ 58
Event: 2516.280 Thread 0x00000000230df000 Uncommon trap: reason=unstable_if action=reinterpret pc=0x0000000003fc4070 method=com.android.tools.r8.graph.e0.c(Lcom/android/tools/r8/graph/e0;)I @ 80
Event: 2516.728 Thread 0x0000000018e44800 Uncommon trap: reason=class_check action=maybe_recompile pc=0x000000000625c628 method=com.android.tools.r8.u.a.i.e.b(Lcom/android/tools/r8/u/b/h0;)V @ 379
Event: 2517.284 Thread 0x0000000018e44800 Uncommon trap: reason=unstable_if action=reinterpret pc=0x0000000006556d08 method=com.android.tools.r8.ir.regalloc.a.a(Lcom/android/tools/r8/ir/regalloc/a$a;Z)Lcom/android/tools/r8/ir/regalloc/a$a; @ 2936
Event: 2517.574 Thread 0x0000000018e44800 Uncommon trap: reason=bimorphic action=maybe_recompile pc=0x00000000065b49b4 method=com.android.tools.r8.u.b.h0.a(Lcom/android/tools/r8/u/b/h0;Lcom/android/tools/r8/ir/regalloc/e;)Z @ 653
Event: 2517.574 Thread 0x0000000018e44800 Uncommon trap: reason=bimorphic action=maybe_recompile pc=0x00000000065b49b4 method=com.android.tools.r8.u.b.h0.a(Lcom/android/tools/r8/u/b/h0;Lcom/android/tools/r8/ir/regalloc/e;)Z @ 653
Event: 2517.574 Thread 0x0000000018e44800 Uncommon trap: reason=bimorphic action=maybe_recompile pc=0x00000000065b49b4 method=com.android.tools.r8.u.b.h0.a(Lcom/android/tools/r8/u/b/h0;Lcom/android/tools/r8/ir/regalloc/e;)Z @ 653
Event: 2517.574 Thread 0x0000000018e44800 Uncommon trap: reason=bimorphic action=maybe_recompile pc=0x00000000065b49b4 method=com.android.tools.r8.u.b.h0.a(Lcom/android/tools/r8/u/b/h0;Lcom/android/tools/r8/ir/regalloc/e;)Z @ 653
Event: 2518.131 Thread 0x00000000230da800 Uncommon trap: reason=bimorphic action=maybe_recompile pc=0x00000000049988f8 method=java.util.HashMap.removeNode(ILjava/lang/Object;Ljava/lang/Object;ZZ)Ljava/util/HashMap$Node; @ 143

Classes redefined (0 events):
No events

Internal exceptions (10 events):
Event: 2514.284 Thread 0x00000000230da800 Exception <a 'sun/nio/fs/WindowsException'> (0x00000000e9b25150) thrown at [C:\src\AOSP-openjdk-git\hotspot\src\share\vm\prims\jni.cpp, line 710]
Event: 2514.497 Thread 0x0000000018e44800 Exception <a 'sun/nio/fs/WindowsException'> (0x00000000e8fd18e0) thrown at [C:\src\AOSP-openjdk-git\hotspot\src\share\vm\prims\jni.cpp, line 710]
Event: 2515.680 Thread 0x0000000018e44800 Exception <a 'sun/nio/fs/WindowsException'> (0x00000000e92a9168) thrown at [C:\src\AOSP-openjdk-git\hotspot\src\share\vm\prims\jni.cpp, line 710]
Event: 2517.067 Thread 0x00000000230df000 Exception <a 'sun/nio/fs/WindowsException'> (0x00000000e98b91b0) thrown at [C:\src\AOSP-openjdk-git\hotspot\src\share\vm\prims\jni.cpp, line 710]
Event: 2517.796 Thread 0x00000000230df000 Exception <a 'sun/nio/fs/WindowsException'> (0x00000000e002e138) thrown at [C:\src\AOSP-openjdk-git\hotspot\src\share\vm\prims\jni.cpp, line 710]
Event: 2518.517 Thread 0x00000000230df000 Exception <a 'sun/nio/fs/WindowsException'> (0x00000000e00ba100) thrown at [C:\src\AOSP-openjdk-git\hotspot\src\share\vm\prims\jni.cpp, line 710]
Event: 2518.645 Thread 0x00000000230df000 Exception <a 'sun/nio/fs/WindowsException'> (0x00000000e8385630) thrown at [C:\src\AOSP-openjdk-git\hotspot\src\share\vm\prims\jni.cpp, line 710]
Event: 2519.228 Thread 0x00000000230df000 Exception <a 'sun/nio/fs/WindowsException'> (0x00000000e0ea10b8) thrown at [C:\src\AOSP-openjdk-git\hotspot\src\share\vm\prims\jni.cpp, line 710]
Event: 2519.547 Thread 0x00000000230da800 Exception <a 'sun/nio/fs/WindowsException'> (0x00000000e2b4f538) thrown at [C:\src\AOSP-openjdk-git\hotspot\src\share\vm\prims\jni.cpp, line 710]
Event: 2519.840 Thread 0x00000000230df000 Exception <a 'sun/nio/fs/WindowsException'> (0x00000000e466abf0) thrown at [C:\src\AOSP-openjdk-git\hotspot\src\share\vm\prims\jni.cpp, line 710]

Events (10 events):
Event: 2519.396 Thread 0x0000000018e44800 DEOPT PACKING pc=0x0000000005ec7c12 sp=0x000000001b336c80
Event: 2519.396 Thread 0x0000000018e44800 DEOPT UNPACKING pc=0x00000000028a75d0 sp=0x000000001b336d48 mode 0
Event: 2519.454 Thread 0x00000000230da800 DEOPT PACKING pc=0x0000000002c539cd sp=0x0000000025c9a3d0
Event: 2519.454 Thread 0x00000000230da800 DEOPT UNPACKING pc=0x00000000028a75d0 sp=0x0000000025c9a148 mode 0
Event: 2519.652 Thread 0x0000000018e44800 DEOPT PACKING pc=0x000000000589f0ae sp=0x000000001b337300
Event: 2519.652 Thread 0x0000000018e44800 DEOPT UNPACKING pc=0x00000000028a75d0 sp=0x000000001b337068 mode 0
Event: 2519.736 Thread 0x0000000018e44800 DEOPT PACKING pc=0x000000000618d7de sp=0x000000001b337490
Event: 2519.736 Thread 0x0000000018e44800 DEOPT UNPACKING pc=0x00000000028a75d0 sp=0x000000001b337290 mode 0
Event: 2519.881 Thread 0x00000000230df000 DEOPT PACKING pc=0x0000000005ec7c12 sp=0x00000000247a9fa0
Event: 2519.881 Thread 0x00000000230df000 DEOPT UNPACKING pc=0x00000000028a75d0 sp=0x00000000247aa068 mode 0


Dynamic libraries:
0x00007ff70c260000 - 0x00007ff70c291000 	C:\Program Files\Android\Android Studio\jre\bin\java.exe
0x00007ffe7dde0000 - 0x00007ffe7dfd0000 	C:\WINDOWS\SYSTEM32\ntdll.dll
0x00007ffe7d8b0000 - 0x00007ffe7d962000 	C:\WINDOWS\System32\KERNEL32.DLL
0x00007ffe7af50000 - 0x00007ffe7b1f4000 	C:\WINDOWS\System32\KERNELBASE.dll
0x00007ffe7cf00000 - 0x00007ffe7cfa3000 	C:\WINDOWS\System32\ADVAPI32.dll
0x00007ffe7d620000 - 0x00007ffe7d6be000 	C:\WINDOWS\System32\msvcrt.dll
0x00007ffe7ccc0000 - 0x00007ffe7cd57000 	C:\WINDOWS\System32\sechost.dll
0x00007ffe7d730000 - 0x00007ffe7d850000 	C:\WINDOWS\System32\RPCRT4.dll
0x00007ffe7cd60000 - 0x00007ffe7cef4000 	C:\WINDOWS\System32\USER32.dll
0x00007ffe7bd30000 - 0x00007ffe7bd51000 	C:\WINDOWS\System32\win32u.dll
0x00007ffe7c3d0000 - 0x00007ffe7c3f6000 	C:\WINDOWS\System32\GDI32.dll
0x00007ffe7ad60000 - 0x00007ffe7aef6000 	C:\WINDOWS\System32\gdi32full.dll
0x00007ffe7b220000 - 0x00007ffe7b2be000 	C:\WINDOWS\System32\msvcp_win.dll
0x00007ffe7bd90000 - 0x00007ffe7be8a000 	C:\WINDOWS\System32\ucrtbase.dll
0x00007ffe5b030000 - 0x00007ffe5b2b4000 	C:\WINDOWS\WinSxS\amd64_microsoft.windows.common-controls_6595b64144ccf1df_6.0.18362.959_none_e6c7bbbf130c62bb\COMCTL32.dll
0x00007ffe7d270000 - 0x00007ffe7d5a5000 	C:\WINDOWS\System32\combase.dll
0x00007ffe7b470000 - 0x00007ffe7b4f0000 	C:\WINDOWS\System32\bcryptPrimitives.dll
0x00007ffe7d970000 - 0x00007ffe7d99e000 	C:\WINDOWS\System32\IMM32.DLL
0x0000000055450000 - 0x0000000055522000 	C:\Program Files\Android\Android Studio\jre\jre\bin\msvcr100.dll
0x0000000055610000 - 0x0000000055e5b000 	C:\Program Files\Android\Android Studio\jre\jre\bin\server\jvm.dll
0x00007ffe7d050000 - 0x00007ffe7d058000 	C:\WINDOWS\System32\PSAPI.DLL
0x00007ffe773f0000 - 0x00007ffe77414000 	C:\WINDOWS\SYSTEM32\WINMM.dll
0x00007ffe60c40000 - 0x00007ffe60c49000 	C:\WINDOWS\SYSTEM32\WSOCK32.dll
0x00007ffe745e0000 - 0x00007ffe745ea000 	C:\WINDOWS\SYSTEM32\VERSION.dll
0x00007ffe7cc50000 - 0x00007ffe7ccbf000 	C:\WINDOWS\System32\WS2_32.dll
0x00007ffe773c0000 - 0x00007ffe773ed000 	C:\WINDOWS\SYSTEM32\winmmbase.dll
0x00007ffe7af00000 - 0x00007ffe7af4a000 	C:\WINDOWS\System32\cfgmgr32.dll
0x00007ffe6bbe0000 - 0x00007ffe6bbef000 	C:\Program Files\Android\Android Studio\jre\jre\bin\verify.dll
0x00007ffe4e5c0000 - 0x00007ffe4e5e9000 	C:\Program Files\Android\Android Studio\jre\jre\bin\java.dll
0x00007ffe553d0000 - 0x00007ffe553e6000 	C:\Program Files\Android\Android Studio\jre\jre\bin\zip.dll
0x00007ffe7c400000 - 0x00007ffe7cae6000 	C:\WINDOWS\System32\SHELL32.dll
0x00007ffe7d9a0000 - 0x00007ffe7da49000 	C:\WINDOWS\System32\shcore.dll
0x00007ffe7b5a0000 - 0x00007ffe7bd22000 	C:\WINDOWS\System32\windows.storage.dll
0x00007ffe7acc0000 - 0x00007ffe7ace3000 	C:\WINDOWS\System32\profapi.dll
0x00007ffe7ad10000 - 0x00007ffe7ad5a000 	C:\WINDOWS\System32\powrprof.dll
0x00007ffe7ac90000 - 0x00007ffe7aca0000 	C:\WINDOWS\System32\UMPDC.dll
0x00007ffe7d850000 - 0x00007ffe7d8a2000 	C:\WINDOWS\System32\shlwapi.dll
0x00007ffe7acf0000 - 0x00007ffe7ad01000 	C:\WINDOWS\System32\kernel.appcore.dll
0x00007ffe7b200000 - 0x00007ffe7b217000 	C:\WINDOWS\System32\cryptsp.dll
0x00007ffe54030000 - 0x00007ffe5404a000 	C:\Program Files\Android\Android Studio\jre\jre\bin\net.dll
0x00007ffe7a500000 - 0x00007ffe7a567000 	C:\WINDOWS\system32\mswsock.dll
0x00007ffe530e0000 - 0x00007ffe530f3000 	C:\Program Files\Android\Android Studio\jre\jre\bin\nio.dll
0x00007ffe65be0000 - 0x00007ffe65c06000 	C:\Users\Niyati Patel\.gradle\native\31\windows-amd64\native-platform.dll
0x00007ffe675f0000 - 0x00007ffe675fd000 	C:\Program Files\Android\Android Studio\jre\jre\bin\management.dll
0x00007ffe7a070000 - 0x00007ffe7a0a3000 	C:\WINDOWS\system32\rsaenh.dll
0x00007ffe7bd60000 - 0x00007ffe7bd86000 	C:\WINDOWS\System32\bcrypt.dll
0x00007ffe7ab80000 - 0x00007ffe7aba5000 	C:\WINDOWS\SYSTEM32\USERENV.dll
0x00007ffe7a6d0000 - 0x00007ffe7a6dc000 	C:\WINDOWS\SYSTEM32\CRYPTBASE.dll
0x00007ffe7a210000 - 0x00007ffe7a24a000 	C:\WINDOWS\SYSTEM32\IPHLPAPI.DLL
0x00007ffe7db60000 - 0x00007ffe7db68000 	C:\WINDOWS\System32\NSI.dll
0x00007ffe6e470000 - 0x00007ffe6e486000 	C:\WINDOWS\SYSTEM32\dhcpcsvc6.DLL
0x00007ffe6e360000 - 0x00007ffe6e37c000 	C:\WINDOWS\SYSTEM32\dhcpcsvc.DLL
0x00007ffe7a2a0000 - 0x00007ffe7a36b000 	C:\WINDOWS\SYSTEM32\DNSAPI.dll
0x00007ffe4e590000 - 0x00007ffe4e5b4000 	C:\Program Files\Android\Android Studio\jre\jre\bin\sunec.dll
0x00007ffe6bb80000 - 0x00007ffe6bb8a000 	C:\Windows\System32\rasadhlp.dll
0x00007ffe6d800000 - 0x00007ffe6d877000 	C:\WINDOWS\System32\fwpuclnt.dll
0x00007ffe73dc0000 - 0x00007ffe73dcb000 	C:\Program Files\Android\Android Studio\jre\jre\bin\sunmscapi.dll
0x00007ffe7b2c0000 - 0x00007ffe7b409000 	C:\WINDOWS\System32\CRYPT32.dll
0x00007ffe7aca0000 - 0x00007ffe7acb2000 	C:\WINDOWS\System32\MSASN1.dll
0x00007ffe79e00000 - 0x00007ffe79e31000 	C:\WINDOWS\SYSTEM32\ntmarta.dll

VM Arguments:
jvm_args: -Xmx1536m -Dfile.encoding=windows-1252 -Duser.country=US -Duser.language=en -Duser.variant 
java_command: org.gradle.launcher.daemon.bootstrap.GradleDaemon 6.1.1
java_class_path (initial): C:\Users\Niyati Patel\.gradle\wrapper\dists\gradle-6.1.1-all\cfmwm155h49vnt3hynmlrsdst\gradle-6.1.1\lib\gradle-launcher-6.1.1.jar
Launcher Type: SUN_STANDARD

Environment Variables:
PATH=C:\oraclexe\app\oracle\product\10.2.0\server\bin;C:\Program Files (x86)\Common Files\Oracle\Java\javapath;C:\Program Files (x86)\Java\jre1.8.0_111\bin;C:\Program Files\Java\jdk1.8.0_212\bin;C:\Program Files\Java\jdk-12.0.2\bin;C:\WINDOWS\system32;C:\WINDOWS;C:\WINDOWS\System32\Wbem;C:\WINDOWS\System32\WindowsPowerShell\v1.0\;C:\WINDOWS\System32\OpenSSH\;C:\PHP7;C:\Users\Niyati Patel\AppData\Local\Programs\Python\Python38-32\Scripts\;C:\Users\Niyati Patel\AppData\Local\Programs\Python\Python38-32\;C:\Users\Niyati Patel\AppData\Local\Microsoft\WindowsApps;C:\Users\Niyati Patel\AppData\Local\Programs\Microsoft VS Code\bin;C:\src\flutter_windows_v1.12.13+hotfix.8-stable\flutter\bin;
USERNAME=Niyati Patel
OS=Windows_NT
PROCESSOR_IDENTIFIER=Intel64 Family 6 Model 142 Stepping 10, GenuineIntel



---------------  S Y S T E M  ---------------

OS: Windows 10.0 , 64 bit Build 18362 (10.0.18362.959)

CPU:total 4 (initial active 4) (2 cores per cpu, 2 threads per core) family 6 model 142 stepping 10, cmov, cx8, fxsr, mmx, sse, sse2, sse3, ssse3, sse4.1, sse4.2, popcnt, avx, avx2, aes, clmul, erms, 3dnowpref, lzcnt, ht, tsc, tscinvbit, bmi1, bmi2, adx

Memory: 4k page, physical 8303524k(734612k free), swap 11282340k(43848k free)

vm_info: OpenJDK 64-Bit Server VM (25.242-b01) for windows-amd64 JRE (1.8.0_242-release-1644-b01), built by "builder" with MS VC++ 10.0 (VS2010)

time: Sun Jul 19 14:24:46 2020
timezone: India Standard Time
elapsed time: 2520 seconds (0d 0h 42m 0s)

